Architecture: alexnet
Load dataset: 2715.89 s
Compute features
0 / 5005	Time: 26.210 (26.210)
200 / 5005	Time: 3.531 (2.088)
400 / 5005	Time: 5.357 (2.053)
600 / 5005	Time: 4.042 (2.016)
800 / 5005	Time: 0.759 (1.917)
1000 / 5005	Time: 1.411 (1.856)
1200 / 5005	Time: 0.043 (1.814)
1400 / 5005	Time: 1.126 (1.789)
1600 / 5005	Time: 2.077 (1.793)
1800 / 5005	Time: 7.292 (1.826)
2000 / 5005	Time: 7.271 (1.872)
2200 / 5005	Time: 6.164 (1.910)
2400 / 5005	Time: 3.517 (1.896)
2600 / 5005	Time: 0.042 (1.893)
2800 / 5005	Time: 0.042 (1.905)
3000 / 5005	Time: 0.042 (1.927)
3200 / 5005	Time: 0.043 (1.905)
3400 / 5005	Time: 0.156 (1.909)
3600 / 5005	Time: 0.043 (1.902)
3800 / 5005	Time: 1.613 (1.888)
4000 / 5005	Time: 4.797 (1.891)
4200 / 5005	Time: 0.042 (1.882)
4400 / 5005	Time: 0.043 (1.867)
4600 / 5005	Time: 0.043 (1.863)
4800 / 5005	Time: 5.617 (1.864)
5000 / 5005	Time: 6.593 (1.871)
k-means loss evolution: [1824617.  1127202.9 1111600.9 1104978.  1101347.6 1099096.5 1097614.4
 1096543.8 1095733.9 1095149.9 1094682.2 1094300.5 1093996.8 1093742.8
 1093528.8 1093344.1 1093191.6 1093068.5 1092954.9 1092852.5]
k-means time: 47 s
Epoch: [0][0/5005]	Time: 20.247 (20.247)	Data: 13.009 (13.009)	Loss: 9.3761 (9.3761)
Epoch: [0][200/5005]	Time: 10.846 (3.748)	Data: 10.821 (3.652)	Loss: 9.1247 (9.1833)
Epoch: [0][400/5005]	Time: 7.499 (3.372)	Data: 7.475 (3.295)	Loss: 8.9361 (9.1120)
Epoch: [0][600/5005]	Time: 0.087 (3.353)	Data: 0.000 (3.286)	Loss: 8.9343 (9.0501)
Epoch: [0][800/5005]	Time: 0.085 (3.124)	Data: 0.000 (3.059)	Loss: 8.7646 (8.9942)
Epoch: [0][1000/5005]	Time: 0.086 (2.943)	Data: 0.000 (2.876)	Loss: 8.6462 (8.9419)
Epoch: [0][1200/5005]	Time: 0.084 (2.882)	Data: 0.000 (2.810)	Loss: 8.6480 (8.8965)
Epoch: [0][1400/5005]	Time: 0.083 (2.871)	Data: 0.000 (2.800)	Loss: 8.3905 (8.8551)
Epoch: [0][1600/5005]	Time: 1.293 (2.811)	Data: 1.268 (2.744)	Loss: 8.4506 (8.8163)
Epoch: [0][1800/5005]	Time: 12.244 (2.759)	Data: 12.220 (2.693)	Loss: 8.5165 (8.7785)
Epoch: [0][2000/5005]	Time: 7.773 (2.708)	Data: 7.729 (2.642)	Loss: 8.4731 (8.7414)
Epoch: [0][2200/5005]	Time: 8.100 (2.652)	Data: 8.076 (2.585)	Loss: 8.5167 (8.7058)
Epoch: [0][2400/5005]	Time: 8.039 (2.616)	Data: 7.972 (2.549)	Loss: 8.3179 (8.6723)
Epoch: [0][2600/5005]	Time: 7.651 (2.564)	Data: 7.627 (2.497)	Loss: 8.2453 (8.6397)
Epoch: [0][2800/5005]	Time: 7.452 (2.527)	Data: 7.427 (2.460)	Loss: 8.2687 (8.6089)
Epoch: [0][3000/5005]	Time: 4.677 (2.496)	Data: 4.653 (2.429)	Loss: 8.1812 (8.5791)
Epoch: [0][3200/5005]	Time: 5.537 (2.461)	Data: 5.513 (2.395)	Loss: 8.1428 (8.5506)
Epoch: [0][3400/5005]	Time: 7.806 (2.432)	Data: 7.781 (2.367)	Loss: 7.9678 (8.5234)
Epoch: [0][3600/5005]	Time: 16.354 (2.427)	Data: 16.330 (2.361)	Loss: 8.1117 (8.4981)
Epoch: [0][3800/5005]	Time: 0.090 (2.494)	Data: 0.000 (2.428)	Loss: 7.9909 (8.4740)
Epoch: [0][4000/5005]	Time: 4.268 (2.501)	Data: 4.243 (2.435)	Loss: 7.9735 (8.4506)
Epoch: [0][4200/5005]	Time: 1.344 (2.527)	Data: 1.320 (2.461)	Loss: 7.9501 (8.4283)
Epoch: [0][4400/5005]	Time: 2.297 (2.519)	Data: 2.274 (2.453)	Loss: 7.9163 (8.4071)
Epoch: [0][4600/5005]	Time: 0.992 (2.510)	Data: 0.968 (2.444)	Loss: 7.8443 (8.3866)
Epoch: [0][4800/5005]	Time: 5.789 (2.495)	Data: 5.765 (2.430)	Loss: 7.6647 (8.3665)
Epoch: [0][5000/5005]	Time: 3.202 (2.482)	Data: 3.177 (2.418)	Loss: 7.9661 (8.3470)
###### Epoch [0] ###### 
Time: 12419.855 s
Clustering loss: 1092852.500 
ConvNet loss: 8.347
####################### 

2021-01-07 12:10:20.423261
2021-01-07 18:59:38.146359
