Architecture: alexnet
Load dataset: 1020.09 s
Compute features
0 / 5005	Time: 26.658 (26.658)
200 / 5005	Time: 0.042 (2.089)
400 / 5005	Time: 0.042 (2.210)
600 / 5005	Time: 0.043 (2.313)
800 / 5005	Time: 0.042 (2.315)
1000 / 5005	Time: 0.042 (2.238)
1200 / 5005	Time: 0.043 (2.266)
1400 / 5005	Time: 0.043 (2.451)
1600 / 5005	Time: 0.042 (2.660)
1800 / 5005	Time: 0.042 (2.676)
2000 / 5005	Time: 0.043 (2.644)
2200 / 5005	Time: 0.042 (2.588)
2400 / 5005	Time: 0.042 (2.537)
2600 / 5005	Time: 0.043 (2.497)
2800 / 5005	Time: 0.042 (2.472)
3000 / 5005	Time: 0.042 (2.440)
3200 / 5005	Time: 0.042 (2.419)
3400 / 5005	Time: 0.043 (2.415)
3600 / 5005	Time: 0.042 (2.393)
3800 / 5005	Time: 0.042 (2.383)
4000 / 5005	Time: 0.043 (2.357)
4200 / 5005	Time: 0.042 (2.338)
4400 / 5005	Time: 0.042 (2.339)
4600 / 5005	Time: 0.043 (2.320)
4800 / 5005	Time: 6.022 (2.309)
5000 / 5005	Time: 0.042 (2.303)
k-means loss evolution: [1829855.6 1130613.1 1115448.8 1108992.  1105497.9 1103311.2 1101870.2
 1100814.4 1100058.  1099500.2 1099047.8 1098697.1 1098389.5 1098141.
 1097941.  1097769.  1097635.  1097506.9 1097391.8 1097305. ]
k-means time: 45 s
Epoch: [0][0/5005]	Time: 24.566 (24.566)	Data: 14.830 (14.830)	Loss: 9.3873 (9.3873)
Epoch: [0][200/5005]	Time: 0.079 (2.651)	Data: 0.000 (2.552)	Loss: 9.0833 (9.1720)
Epoch: [0][400/5005]	Time: 7.500 (2.724)	Data: 7.465 (2.651)	Loss: 8.9037 (9.0956)
Epoch: [0][600/5005]	Time: 7.434 (2.699)	Data: 7.409 (2.633)	Loss: 9.0086 (9.0351)
Epoch: [0][800/5005]	Time: 9.558 (2.701)	Data: 9.534 (2.638)	Loss: 8.7440 (8.9778)
Epoch: [0][1000/5005]	Time: 7.797 (2.614)	Data: 7.772 (2.548)	Loss: 8.5942 (8.9243)
Epoch: [0][1200/5005]	Time: 4.662 (2.519)	Data: 4.638 (2.453)	Loss: 8.5797 (8.8779)
Epoch: [0][1400/5005]	Time: 1.844 (2.459)	Data: 1.820 (2.394)	Loss: 8.6545 (8.8344)
Epoch: [0][1600/5005]	Time: 1.944 (2.433)	Data: 1.920 (2.368)	Loss: 8.4168 (8.7944)
Epoch: [0][1800/5005]	Time: 0.086 (2.403)	Data: 0.000 (2.339)	Loss: 8.3352 (8.7568)
Epoch: [0][2000/5005]	Time: 0.092 (2.425)	Data: 0.000 (2.360)	Loss: 8.3224 (8.7209)
Epoch: [0][2200/5005]	Time: 0.086 (2.406)	Data: 0.000 (2.342)	Loss: 8.3268 (8.6868)
Epoch: [0][2400/5005]	Time: 0.085 (2.417)	Data: 0.000 (2.353)	Loss: 8.2117 (8.6542)
Epoch: [0][2600/5005]	Time: 0.085 (2.413)	Data: 0.000 (2.349)	Loss: 8.2162 (8.6231)
Epoch: [0][2800/5005]	Time: 0.088 (2.412)	Data: 0.000 (2.347)	Loss: 8.3218 (8.5927)
Epoch: [0][3000/5005]	Time: 8.725 (2.436)	Data: 8.700 (2.372)	Loss: 8.3726 (8.5642)
Epoch: [0][3200/5005]	Time: 11.693 (2.500)	Data: 11.669 (2.436)	Loss: 8.0288 (8.5370)
Epoch: [0][3400/5005]	Time: 11.886 (2.520)	Data: 11.184 (2.455)	Loss: 7.9770 (8.5112)
Epoch: [0][3600/5005]	Time: 4.686 (2.582)	Data: 4.661 (2.517)	Loss: 8.2093 (8.4862)
Epoch: [0][3800/5005]	Time: 4.718 (2.602)	Data: 4.693 (2.538)	Loss: 8.0825 (8.4622)
Epoch: [0][4000/5005]	Time: 0.490 (2.600)	Data: 0.466 (2.536)	Loss: 7.9379 (8.4398)
Epoch: [0][4200/5005]	Time: 8.382 (2.600)	Data: 8.357 (2.537)	Loss: 7.9248 (8.4182)
Epoch: [0][4400/5005]	Time: 0.086 (2.620)	Data: 0.000 (2.556)	Loss: 8.0810 (8.3973)
Epoch: [0][4600/5005]	Time: 0.079 (2.609)	Data: 0.000 (2.546)	Loss: 7.8340 (8.3764)
Epoch: [0][4800/5005]	Time: 0.087 (2.613)	Data: 0.000 (2.548)	Loss: 8.0335 (8.3564)
Epoch: [0][5000/5005]	Time: 0.085 (2.605)	Data: 0.000 (2.541)	Loss: 8.0858 (8.3372)
###### Epoch [0] ###### 
Time: 13040.710 s
Clustering loss: 1097305.000 
ConvNet loss: 8.337
####################### 

2021-01-07 19:01:16.536909
2021-01-08 02:08:44.403862
