Architecture: alexnet
Load dataset: 1396.10 s
Compute features
0 / 5005	Time: 37.053 (37.053)
200 / 5005	Time: 0.043 (2.164)
400 / 5005	Time: 0.042 (2.130)
600 / 5005	Time: 0.042 (2.199)
800 / 5005	Time: 0.043 (2.187)
1000 / 5005	Time: 0.043 (2.153)
1200 / 5005	Time: 0.042 (2.250)
1400 / 5005	Time: 0.043 (2.290)
1600 / 5005	Time: 0.042 (2.330)
1800 / 5005	Time: 0.043 (2.347)
2000 / 5005	Time: 0.043 (2.340)
2200 / 5005	Time: 0.043 (2.360)
2400 / 5005	Time: 0.042 (2.362)
2600 / 5005	Time: 0.042 (2.359)
2800 / 5005	Time: 0.044 (2.337)
3000 / 5005	Time: 0.042 (2.308)
3200 / 5005	Time: 0.042 (2.280)
3400 / 5005	Time: 2.479 (2.275)
3600 / 5005	Time: 0.042 (2.265)
3800 / 5005	Time: 0.042 (2.269)
4000 / 5005	Time: 0.042 (2.287)
4200 / 5005	Time: 0.042 (2.355)
4400 / 5005	Time: 0.042 (2.370)
4600 / 5005	Time: 0.043 (2.403)
4800 / 5005	Time: 0.043 (2.433)
5000 / 5005	Time: 0.044 (2.488)
k-means loss evolution: [1830995.8 1131530.6 1116446.6 1109860.  1106283.6 1104058.1 1102573.1
 1101558.6 1100784.  1100208.1 1099756.6 1099414.5 1099127.1 1098882.8
 1098679.9 1098517.2 1098384.5 1098271.4 1098153.8 1098067.8]
k-means time: 51 s
Epoch: [0][0/5005]	Time: 58.083 (58.083)	Data: 21.574 (21.574)	Loss: 9.4253 (9.4253)
Epoch: [0][200/5005]	Time: 0.085 (3.431)	Data: 0.000 (3.188)	Loss: 9.0989 (9.1731)
Epoch: [0][400/5005]	Time: 0.083 (2.991)	Data: 0.000 (2.831)	Loss: 8.9413 (9.1011)
Epoch: [0][600/5005]	Time: 0.077 (2.754)	Data: 0.000 (2.624)	Loss: 8.9591 (9.0384)
Epoch: [0][800/5005]	Time: 0.085 (2.587)	Data: 0.000 (2.471)	Loss: 8.6855 (8.9832)
Epoch: [0][1000/5005]	Time: 0.085 (2.469)	Data: 0.000 (2.362)	Loss: 8.9116 (8.9353)
Epoch: [0][1200/5005]	Time: 0.075 (2.398)	Data: 0.000 (2.297)	Loss: 8.7371 (8.8911)
Epoch: [0][1400/5005]	Time: 7.563 (2.353)	Data: 7.538 (2.259)	Loss: 8.5759 (8.8498)
Epoch: [0][1600/5005]	Time: 6.433 (2.322)	Data: 6.407 (2.231)	Loss: 8.3992 (8.8101)
Epoch: [0][1800/5005]	Time: 8.125 (2.303)	Data: 8.101 (2.215)	Loss: 8.2928 (8.7737)
Epoch: [0][2000/5005]	Time: 6.852 (2.276)	Data: 6.826 (2.190)	Loss: 8.3970 (8.7382)
Epoch: [0][2200/5005]	Time: 6.987 (2.247)	Data: 6.962 (2.163)	Loss: 8.1520 (8.7048)
Epoch: [0][2400/5005]	Time: 7.558 (2.247)	Data: 7.534 (2.164)	Loss: 8.2477 (8.6734)
Epoch: [0][2600/5005]	Time: 10.109 (2.289)	Data: 10.084 (2.206)	Loss: 8.2113 (8.6431)
Epoch: [0][2800/5005]	Time: 13.353 (2.445)	Data: 13.328 (2.363)	Loss: 8.1827 (8.6138)
Epoch: [0][3000/5005]	Time: 8.463 (2.469)	Data: 8.438 (2.388)	Loss: 8.2335 (8.5858)
Epoch: [0][3200/5005]	Time: 9.370 (2.461)	Data: 9.345 (2.381)	Loss: 8.0942 (8.5594)
Epoch: [0][3400/5005]	Time: 11.190 (2.447)	Data: 11.165 (2.367)	Loss: 8.1597 (8.5338)
Epoch: [0][3600/5005]	Time: 8.312 (2.444)	Data: 8.286 (2.365)	Loss: 8.0028 (8.5093)
Epoch: [0][3800/5005]	Time: 9.107 (2.432)	Data: 9.082 (2.353)	Loss: 8.1306 (8.4868)
Epoch: [0][4000/5005]	Time: 8.513 (2.426)	Data: 8.489 (2.347)	Loss: 8.0681 (8.4645)
Epoch: [0][4200/5005]	Time: 8.570 (2.421)	Data: 8.545 (2.344)	Loss: 7.8822 (8.4429)
Epoch: [0][4400/5005]	Time: 8.713 (2.409)	Data: 8.688 (2.332)	Loss: 7.8395 (8.4221)
Epoch: [0][4600/5005]	Time: 8.255 (2.396)	Data: 7.731 (2.319)	Loss: 8.0837 (8.4022)
Epoch: [0][4800/5005]	Time: 3.364 (2.388)	Data: 3.338 (2.312)	Loss: 7.8908 (8.3835)
Epoch: [0][5000/5005]	Time: 0.793 (2.392)	Data: 0.767 (2.317)	Loss: 8.0369 (8.3650)
###### Epoch [0] ###### 
Time: 11977.306 s
Clustering loss: 1098067.750 
ConvNet loss: 8.365
####################### 

2021-01-08 02:09:50.567506
2021-01-08 09:21:35.496722
