Architecture: alexnet
Load dataset: 2849.76 s
Compute features
0 / 5005	Time: 26.209 (26.209)
200 / 5005	Time: 3.582 (2.089)
400 / 5005	Time: 5.307 (2.053)
600 / 5005	Time: 3.996 (2.016)
800 / 5005	Time: 0.708 (1.917)
1000 / 5005	Time: 1.414 (1.856)
1200 / 5005	Time: 0.042 (1.814)
1400 / 5005	Time: 1.071 (1.789)
1600 / 5005	Time: 2.080 (1.793)
1800 / 5005	Time: 7.240 (1.826)
2000 / 5005	Time: 7.221 (1.872)
2200 / 5005	Time: 6.214 (1.910)
2400 / 5005	Time: 3.515 (1.896)
2600 / 5005	Time: 0.042 (1.893)
2800 / 5005	Time: 0.042 (1.905)
3000 / 5005	Time: 0.042 (1.927)
3200 / 5005	Time: 0.041 (1.905)
3400 / 5005	Time: 0.042 (1.909)
3600 / 5005	Time: 0.041 (1.902)
3800 / 5005	Time: 1.612 (1.888)
4000 / 5005	Time: 4.795 (1.891)
4200 / 5005	Time: 0.042 (1.882)
4400 / 5005	Time: 0.042 (1.867)
4600 / 5005	Time: 0.042 (1.863)
4800 / 5005	Time: 5.565 (1.864)
5000 / 5005	Time: 6.647 (1.871)
k-means loss evolution: [1823095.  1125509.6 1109980.  1103443.9 1099858.8 1097671.9 1096200.2
 1095148.  1094367.6 1093787.1 1093328.6 1092972.8 1092683.5 1092435.8
 1092225.8 1092040.1 1091895.4 1091769.5 1091660.9 1091567.8]
k-means time: 47 s
Epoch: [0][0/5005]	Time: 20.261 (20.261)	Data: 11.672 (11.672)	Loss: 9.3899 (9.3899)
Epoch: [0][200/5005]	Time: 13.218 (3.713)	Data: 13.194 (3.614)	Loss: 9.0902 (9.1833)
Epoch: [0][400/5005]	Time: 0.540 (3.351)	Data: 0.516 (3.269)	Loss: 8.9698 (9.1127)
Epoch: [0][600/5005]	Time: 10.868 (3.376)	Data: 10.844 (3.299)	Loss: 8.9852 (9.0531)
Epoch: [0][800/5005]	Time: 15.709 (3.156)	Data: 15.685 (3.081)	Loss: 8.7135 (8.9977)
Epoch: [0][1000/5005]	Time: 0.084 (2.952)	Data: 0.000 (2.879)	Loss: 8.6543 (8.9450)
Epoch: [0][1200/5005]	Time: 0.084 (2.897)	Data: 0.000 (2.825)	Loss: 8.7442 (8.8966)
Epoch: [0][1400/5005]	Time: 0.084 (2.881)	Data: 0.000 (2.810)	Loss: 8.6340 (8.8524)
Epoch: [0][1600/5005]	Time: 0.084 (2.819)	Data: 0.000 (2.748)	Loss: 8.5034 (8.8121)
Epoch: [0][1800/5005]	Time: 0.085 (2.767)	Data: 0.000 (2.697)	Loss: 8.3674 (8.7745)
Epoch: [0][2000/5005]	Time: 0.084 (2.712)	Data: 0.000 (2.643)	Loss: 8.3333 (8.7371)
Epoch: [0][2200/5005]	Time: 0.087 (2.658)	Data: 0.000 (2.588)	Loss: 8.2271 (8.7019)
Epoch: [0][2400/5005]	Time: 0.084 (2.624)	Data: 0.000 (2.554)	Loss: 8.4606 (8.6688)
Epoch: [0][2600/5005]	Time: 0.085 (2.572)	Data: 0.000 (2.502)	Loss: 8.2322 (8.6369)
Epoch: [0][2800/5005]	Time: 0.082 (2.533)	Data: 0.000 (2.463)	Loss: 8.1466 (8.6056)
Epoch: [0][3000/5005]	Time: 0.084 (2.504)	Data: 0.000 (2.434)	Loss: 8.0559 (8.5756)
Epoch: [0][3200/5005]	Time: 0.084 (2.468)	Data: 0.000 (2.399)	Loss: 8.0969 (8.5471)
Epoch: [0][3400/5005]	Time: 3.805 (2.439)	Data: 3.781 (2.372)	Loss: 7.9089 (8.5202)
Epoch: [0][3600/5005]	Time: 10.867 (2.440)	Data: 10.842 (2.373)	Loss: 8.2151 (8.4943)
Epoch: [0][3800/5005]	Time: 6.990 (2.503)	Data: 6.965 (2.437)	Loss: 8.0262 (8.4694)
Epoch: [0][4000/5005]	Time: 2.714 (2.507)	Data: 2.689 (2.441)	Loss: 8.1470 (8.4457)
Epoch: [0][4200/5005]	Time: 10.659 (2.535)	Data: 10.635 (2.470)	Loss: 7.9421 (8.4234)
Epoch: [0][4400/5005]	Time: 9.138 (2.524)	Data: 9.115 (2.459)	Loss: 8.0514 (8.4015)
Epoch: [0][4600/5005]	Time: 0.075 (2.514)	Data: 0.000 (2.448)	Loss: 7.9825 (8.3802)
Epoch: [0][4800/5005]	Time: 0.082 (2.499)	Data: 0.000 (2.433)	Loss: 7.9069 (8.3593)
Epoch: [0][5000/5005]	Time: 1.307 (2.487)	Data: 1.282 (2.421)	Loss: 7.8303 (8.3398)
###### Epoch [0] ###### 
Time: 12446.711 s
Clustering loss: 1091567.750 
ConvNet loss: 8.339
####################### 

2021-01-07 12:08:05.292710
2021-01-07 19:00:05.324257
