Architecture: alexnet
Load dataset: 1219.45 s
Compute features
0 / 5005	Time: 29.431 (29.431)
200 / 5005	Time: 0.043 (2.476)
400 / 5005	Time: 0.043 (2.557)
600 / 5005	Time: 0.044 (2.294)
800 / 5005	Time: 1.261 (2.060)
1000 / 5005	Time: 0.044 (1.883)
1200 / 5005	Time: 0.043 (1.784)
1400 / 5005	Time: 0.047 (1.828)
1600 / 5005	Time: 0.044 (1.919)
1800 / 5005	Time: 0.044 (2.020)
2000 / 5005	Time: 0.044 (2.022)
2200 / 5005	Time: 1.009 (1.962)
2400 / 5005	Time: 1.665 (1.908)
2600 / 5005	Time: 0.309 (1.859)
2800 / 5005	Time: 0.044 (1.842)
3000 / 5005	Time: 0.044 (1.872)
3200 / 5005	Time: 0.623 (1.844)
3400 / 5005	Time: 2.030 (1.815)
3600 / 5005	Time: 0.043 (1.783)
3800 / 5005	Time: 0.044 (1.752)
4000 / 5005	Time: 0.044 (1.723)
4200 / 5005	Time: 0.043 (1.744)
4400 / 5005	Time: 0.044 (1.775)
4600 / 5005	Time: 0.043 (1.817)
4800 / 5005	Time: 0.044 (1.826)
5000 / 5005	Time: 0.043 (1.810)
Started training for instantiation number 1
Architecture: alexnet
Load dataset: 556.59 s
Compute features
0 / 5005	Time: 28.688 (28.688)
200 / 5005	Time: 0.042 (2.543)
400 / 5005	Time: 3.216 (2.140)
600 / 5005	Time: 0.043 (1.990)
800 / 5005	Time: 0.928 (1.834)
1000 / 5005	Time: 0.042 (1.706)
1200 / 5005	Time: 0.042 (1.755)
1400 / 5005	Time: 0.043 (1.864)
1600 / 5005	Time: 0.043 (2.001)
1800 / 5005	Time: 0.043 (2.024)
2000 / 5005	Time: 1.878 (1.965)
2200 / 5005	Time: 1.915 (1.912)
2400 / 5005	Time: 1.562 (1.862)
2600 / 5005	Time: 0.049 (1.833)
2800 / 5005	Time: 0.043 (1.869)
3000 / 5005	Time: 0.043 (1.850)
3200 / 5005	Time: 1.263 (1.806)
3400 / 5005	Time: 1.563 (1.772)
3600 / 5005	Time: 0.043 (1.741)
3800 / 5005	Time: 0.043 (1.714)
4000 / 5005	Time: 8.695 (1.715)
4200 / 5005	Time: 9.462 (1.742)
4400 / 5005	Time: 11.429 (1.788)
4600 / 5005	Time: 6.098 (1.816)
4800 / 5005	Time: 2.312 (1.795)
5000 / 5005	Time: 0.043 (1.779)
Started training for instantiation number 2
Architecture: alexnet
Load dataset: 551.88 s
Compute features
0 / 5005	Time: 28.145 (28.145)
200 / 5005	Time: 0.043 (2.392)
400 / 5005	Time: 1.861 (2.146)
600 / 5005	Time: 0.043 (1.968)
800 / 5005	Time: 0.675 (1.808)
1000 / 5005	Time: 0.043 (1.680)
1200 / 5005	Time: 0.043 (1.654)
1400 / 5005	Time: 0.043 (1.740)
1600 / 5005	Time: 0.044 (1.865)
1800 / 5005	Time: 0.046 (1.970)
2000 / 5005	Time: 0.043 (1.932)
2200 / 5005	Time: 0.408 (1.884)
2400 / 5005	Time: 2.214 (1.839)
2600 / 5005	Time: 0.911 (1.802)
2800 / 5005	Time: 0.043 (1.837)
3000 / 5005	Time: 0.043 (1.839)
3200 / 5005	Time: 1.162 (1.800)
3400 / 5005	Time: 3.082 (1.779)
3600 / 5005	Time: 2.165 (1.761)
3800 / 5005	Time: 0.358 (1.733)
4000 / 5005	Time: 0.043 (1.765)
4200 / 5005	Time: 0.043 (1.817)
4400 / 5005	Time: 0.044 (1.876)
4600 / 5005	Time: 0.044 (1.875)
4800 / 5005	Time: 2.480 (1.860)
5000 / 5005	Time: 1.912 (1.847)
Started training for instantiation number 3
Architecture: alexnet
Load dataset: 810.91 s
Compute features
0 / 5005	Time: 29.761 (29.761)
200 / 5005	Time: 2.015 (1.676)
400 / 5005	Time: 3.880 (1.607)
600 / 5005	Time: 0.044 (1.603)
800 / 5005	Time: 1.411 (1.532)
1000 / 5005	Time: 0.044 (1.623)
1200 / 5005	Time: 0.043 (1.767)
1400 / 5005	Time: 0.043 (1.919)
1600 / 5005	Time: 0.045 (1.994)
1800 / 5005	Time: 0.043 (1.964)
2000 / 5005	Time: 0.044 (1.931)
2200 / 5005	Time: 0.044 (1.886)
2400 / 5005	Time: 0.043 (1.907)
2600 / 5005	Time: 0.043 (1.921)
2800 / 5005	Time: 0.358 (1.874)
3000 / 5005	Time: 0.044 (1.831)
3200 / 5005	Time: 1.061 (1.792)
3400 / 5005	Time: 1.526 (1.760)
3600 / 5005	Time: 1.161 (1.753)
3800 / 5005	Time: 5.510 (1.820)
4000 / 5005	Time: 0.044 (1.881)
4200 / 5005	Time: 0.043 (1.898)
4400 / 5005	Time: 0.559 (1.881)
4600 / 5005	Time: 2.777 (1.853)
4800 / 5005	Time: 1.363 (1.830)
5000 / 5005	Time: 1.763 (1.826)
Started training for instantiation number 4
Architecture: alexnet
Load dataset: 751.92 s
Compute features
0 / 5005	Time: 19.496 (19.496)
200 / 5005	Time: 2.613 (1.444)
400 / 5005	Time: 5.189 (1.475)
600 / 5005	Time: 0.709 (1.576)
800 / 5005	Time: 0.043 (1.911)
1000 / 5005	Time: 0.043 (2.063)
1200 / 5005	Time: 0.043 (2.171)
1400 / 5005	Time: 0.045 (2.099)
1600 / 5005	Time: 0.209 (2.031)
1800 / 5005	Time: 0.509 (1.957)
2000 / 5005	Time: 0.709 (1.909)
2200 / 5005	Time: 0.043 (1.936)
2400 / 5005	Time: 0.208 (1.930)
2600 / 5005	Time: 0.358 (1.884)
2800 / 5005	Time: 0.608 (1.841)
3000 / 5005	Time: 0.043 (1.800)
3200 / 5005	Time: 1.866 (1.761)
3400 / 5005	Time: 2.165 (1.792)
3600 / 5005	Time: 4.919 (1.836)
3800 / 5005	Time: 3.067 (1.888)
4000 / 5005	Time: 0.923 (1.887)
4200 / 5005	Time: 1.361 (1.857)
4400 / 5005	Time: 0.459 (1.829)
4600 / 5005	Time: 3.216 (1.806)
4800 / 5005	Time: 1.965 (1.810)
5000 / 5005	Time: 4.098 (1.834)
Started training for instantiation number 5
Architecture: alexnet
Load dataset: 643.06 s
Compute features
0 / 5005	Time: 23.031 (23.031)
200 / 5005	Time: 2.968 (1.498)
400 / 5005	Time: 5.661 (1.785)
600 / 5005	Time: 0.042 (2.156)
800 / 5005	Time: 0.044 (2.346)
1000 / 5005	Time: 0.042 (2.295)
1200 / 5005	Time: 0.042 (2.149)
1400 / 5005	Time: 2.578 (2.045)
1600 / 5005	Time: 2.595 (1.992)
1800 / 5005	Time: 0.043 (2.005)
2000 / 5005	Time: 0.042 (2.023)
2200 / 5005	Time: 2.020 (1.963)
2400 / 5005	Time: 1.262 (1.910)
2600 / 5005	Time: 1.010 (1.865)
2800 / 5005	Time: 1.113 (1.837)
3000 / 5005	Time: 0.914 (1.879)
3200 / 5005	Time: 0.042 (1.924)
3400 / 5005	Time: 0.358 (1.977)
3600 / 5005	Time: 0.045 (1.951)
3800 / 5005	Time: 0.042 (1.928)
4000 / 5005	Time: 0.044 (1.901)
4200 / 5005	Time: 0.042 (1.894)
4400 / 5005	Time: 0.042 (1.939)
4600 / 5005	Time: 1.777 (1.924)
4800 / 5005	Time: 6.273 (1.914)
5000 / 5005	Time: 0.042 (1.909)
Started training for instantiation number 6
