Architecture: alexnet
Load dataset: 5814.30 s
Compute features
0 / 5005	Time: 27.196 (27.196)
200 / 5005	Time: 0.963 (2.138)
400 / 5005	Time: 8.319 (2.404)
600 / 5005	Time: 0.044 (2.729)
800 / 5005	Time: 0.108 (2.600)
1000 / 5005	Time: 0.044 (2.604)
1200 / 5005	Time: 0.043 (2.787)
1400 / 5005	Time: 0.044 (2.956)
1600 / 5005	Time: 0.043 (2.942)
1800 / 5005	Time: 0.044 (2.865)
2000 / 5005	Time: 0.044 (2.804)
2200 / 5005	Time: 0.043 (2.842)
2400 / 5005	Time: 0.043 (2.815)
2600 / 5005	Time: 0.043 (2.803)
2800 / 5005	Time: 0.043 (2.919)
3000 / 5005	Time: 0.043 (3.005)
3200 / 5005	Time: 1.665 (2.998)
3400 / 5005	Time: 0.044 (2.953)
3600 / 5005	Time: 0.047 (2.910)
3800 / 5005	Time: 1.213 (2.939)
4000 / 5005	Time: 0.044 (2.923)
4200 / 5005	Time: 0.044 (2.889)
4400 / 5005	Time: 0.044 (2.941)
4600 / 5005	Time: 0.813 (3.011)
4800 / 5005	Time: 1.511 (3.022)
5000 / 5005	Time: 0.044 (3.059)
Started training for instantiation number 1
Architecture: alexnet
Load dataset: 6294.74 s
Compute features
0 / 5005	Time: 28.365 (28.365)
200 / 5005	Time: 0.043 (2.145)
400 / 5005	Time: 0.042 (4.553)
600 / 5005	Time: 0.045 (5.004)
800 / 5005	Time: 0.044 (4.396)
1000 / 5005	Time: 1.766 (4.121)
1200 / 5005	Time: 12.130 (4.037)
1400 / 5005	Time: 3.467 (3.989)
1600 / 5005	Time: 7.501 (3.981)
1800 / 5005	Time: 0.044 (3.938)
2000 / 5005	Time: 0.044 (3.806)
2200 / 5005	Time: 0.044 (3.632)
2400 / 5005	Time: 1.890 (3.511)
2600 / 5005	Time: 0.043 (3.482)
2800 / 5005	Time: 1.024 (3.385)
3000 / 5005	Time: 1.311 (3.280)
3200 / 5005	Time: 0.044 (3.165)
3400 / 5005	Time: 1.965 (3.066)
3600 / 5005	Time: 0.043 (3.199)
3800 / 5005	Time: 3.844 (3.289)
4000 / 5005	Time: 0.044 (3.216)
4200 / 5005	Time: 0.044 (3.135)
4400 / 5005	Time: 0.044 (3.059)
4600 / 5005	Time: 1.664 (3.010)
4800 / 5005	Time: 0.809 (3.000)
5000 / 5005	Time: 0.043 (2.945)
Started training for instantiation number 2
Architecture: alexnet
Load dataset: 793.45 s
Compute features
0 / 5005	Time: 21.251 (21.251)
200 / 5005	Time: 10.380 (2.483)
400 / 5005	Time: 13.279 (2.660)
600 / 5005	Time: 11.042 (2.743)
800 / 5005	Time: 4.411 (2.483)
1000 / 5005	Time: 1.413 (2.241)
1200 / 5005	Time: 0.044 (2.096)
1400 / 5005	Time: 0.044 (2.010)
1600 / 5005	Time: 0.044 (2.045)
1800 / 5005	Time: 0.044 (2.049)
2000 / 5005	Time: 0.044 (1.991)
2200 / 5005	Time: 2.534 (1.928)
2400 / 5005	Time: 1.865 (1.871)
2600 / 5005	Time: 0.044 (1.823)
2800 / 5005	Time: 0.043 (1.829)
3000 / 5005	Time: 0.044 (1.860)
3200 / 5005	Time: 0.043 (1.909)
3400 / 5005	Time: 0.044 (1.937)
3600 / 5005	Time: 0.358 (1.904)
3800 / 5005	Time: 0.044 (1.870)
4000 / 5005	Time: 0.610 (1.838)
4200 / 5005	Time: 1.116 (1.805)
4400 / 5005	Time: 2.445 (1.799)
4600 / 5005	Time: 0.043 (1.812)
4800 / 5005	Time: 0.661 (1.797)
5000 / 5005	Time: 0.043 (1.776)
Started training for instantiation number 3
Architecture: alexnet
Load dataset: 506.88 s
Compute features
0 / 5005	Time: 18.518 (18.518)
200 / 5005	Time: 4.117 (1.691)
400 / 5005	Time: 0.042 (2.144)
600 / 5005	Time: 0.042 (2.407)
800 / 5005	Time: 0.042 (2.466)
1000 / 5005	Time: 0.042 (2.279)
1200 / 5005	Time: 0.042 (2.157)
1400 / 5005	Time: 0.042 (2.069)
1600 / 5005	Time: 0.042 (2.046)
1800 / 5005	Time: 0.044 (2.085)
2000 / 5005	Time: 0.042 (2.033)
2200 / 5005	Time: 1.726 (1.961)
2400 / 5005	Time: 0.709 (1.900)
2600 / 5005	Time: 0.106 (1.846)
2800 / 5005	Time: 1.761 (1.800)
3000 / 5005	Time: 6.092 (1.832)
3200 / 5005	Time: 5.881 (1.867)
3400 / 5005	Time: 4.371 (1.924)
3600 / 5005	Time: 1.716 (1.922)
3800 / 5005	Time: 0.042 (1.887)
4000 / 5005	Time: 0.760 (1.852)
4200 / 5005	Time: 1.159 (1.821)
4400 / 5005	Time: 1.861 (1.792)
4600 / 5005	Time: 0.043 (1.800)
4800 / 5005	Time: 0.042 (1.806)
5000 / 5005	Time: 0.206 (1.785)
Started training for instantiation number 4
Architecture: alexnet
Load dataset: 534.35 s
Compute features
