Architecture: alexnet
Load dataset: 1391.92 s
Compute features
0 / 5005	Time: 37.052 (37.052)
200 / 5005	Time: 0.043 (2.164)
400 / 5005	Time: 0.043 (2.130)
600 / 5005	Time: 0.044 (2.199)
800 / 5005	Time: 0.044 (2.187)
1000 / 5005	Time: 0.044 (2.153)
1200 / 5005	Time: 0.044 (2.250)
1400 / 5005	Time: 0.042 (2.290)
1600 / 5005	Time: 0.043 (2.330)
1800 / 5005	Time: 0.044 (2.347)
2000 / 5005	Time: 0.044 (2.340)
2200 / 5005	Time: 0.044 (2.360)
2400 / 5005	Time: 0.044 (2.362)
2600 / 5005	Time: 0.044 (2.359)
2800 / 5005	Time: 0.043 (2.337)
3000 / 5005	Time: 0.044 (2.308)
3200 / 5005	Time: 0.044 (2.280)
3400 / 5005	Time: 2.482 (2.275)
3600 / 5005	Time: 0.043 (2.265)
3800 / 5005	Time: 0.043 (2.269)
4000 / 5005	Time: 0.044 (2.287)
4200 / 5005	Time: 0.044 (2.355)
4400 / 5005	Time: 0.044 (2.370)
4600 / 5005	Time: 0.044 (2.403)
4800 / 5005	Time: 0.044 (2.433)
5000 / 5005	Time: 0.044 (2.488)
k-means loss evolution: [1823224.6 1126028.1 1110381.1 1103729.8 1100157.1 1097995.9 1096532.2
 1095483.9 1094728.5 1094158.6 1093713.6 1093324.6 1093058.5 1092810.5
 1092604.4 1092435.4 1092290.6 1092173.1 1092064.2 1091971.4]
k-means time: 51 s
Epoch: [0][0/5005]	Time: 58.096 (58.096)	Data: 20.770 (20.770)	Loss: 9.4662 (9.4662)
Epoch: [0][200/5005]	Time: 0.082 (3.391)	Data: 0.000 (3.160)	Loss: 9.0907 (9.1795)
Epoch: [0][400/5005]	Time: 0.089 (2.967)	Data: 0.064 (2.824)	Loss: 8.9855 (9.1066)
Epoch: [0][600/5005]	Time: 0.083 (2.751)	Data: 0.000 (2.632)	Loss: 8.9304 (9.0452)
Epoch: [0][800/5005]	Time: 0.087 (2.583)	Data: 0.000 (2.475)	Loss: 8.6956 (8.9886)
Epoch: [0][1000/5005]	Time: 0.085 (2.470)	Data: 0.000 (2.370)	Loss: 8.7357 (8.9387)
Epoch: [0][1200/5005]	Time: 0.087 (2.396)	Data: 0.000 (2.300)	Loss: 8.7212 (8.8924)
Epoch: [0][1400/5005]	Time: 3.001 (2.347)	Data: 2.976 (2.256)	Loss: 8.5225 (8.8501)
Epoch: [0][1600/5005]	Time: 0.340 (2.312)	Data: 0.315 (2.225)	Loss: 8.4403 (8.8091)
Epoch: [0][1800/5005]	Time: 0.083 (2.293)	Data: 0.000 (2.208)	Loss: 8.5378 (8.7713)
Epoch: [0][2000/5005]	Time: 4.614 (2.265)	Data: 4.589 (2.183)	Loss: 8.3734 (8.7336)
Epoch: [0][2200/5005]	Time: 4.063 (2.238)	Data: 4.039 (2.159)	Loss: 8.2846 (8.6984)
Epoch: [0][2400/5005]	Time: 4.933 (2.236)	Data: 4.902 (2.159)	Loss: 8.3155 (8.6644)
Epoch: [0][2600/5005]	Time: 6.493 (2.267)	Data: 6.468 (2.192)	Loss: 8.1691 (8.6319)
Epoch: [0][2800/5005]	Time: 0.084 (2.427)	Data: 0.000 (2.353)	Loss: 8.1275 (8.6008)
Epoch: [0][3000/5005]	Time: 0.084 (2.448)	Data: 0.000 (2.374)	Loss: 8.2414 (8.5718)
Epoch: [0][3200/5005]	Time: 0.084 (2.444)	Data: 0.000 (2.370)	Loss: 7.9979 (8.5437)
Epoch: [0][3400/5005]	Time: 0.084 (2.429)	Data: 0.000 (2.356)	Loss: 7.9664 (8.5173)
Epoch: [0][3600/5005]	Time: 0.086 (2.427)	Data: 0.000 (2.355)	Loss: 8.0004 (8.4917)
Epoch: [0][3800/5005]	Time: 0.088 (2.417)	Data: 0.000 (2.345)	Loss: 8.0737 (8.4680)
Epoch: [0][4000/5005]	Time: 0.083 (2.414)	Data: 0.000 (2.342)	Loss: 8.0062 (8.4447)
Epoch: [0][4200/5005]	Time: 0.084 (2.410)	Data: 0.000 (2.338)	Loss: 7.9253 (8.4224)
Epoch: [0][4400/5005]	Time: 0.084 (2.398)	Data: 0.000 (2.326)	Loss: 7.9479 (8.4012)
Epoch: [0][4600/5005]	Time: 0.084 (2.386)	Data: 0.000 (2.315)	Loss: 7.9985 (8.3807)
Epoch: [0][4800/5005]	Time: 0.084 (2.378)	Data: 0.000 (2.306)	Loss: 7.7281 (8.3608)
Epoch: [0][5000/5005]	Time: 0.083 (2.380)	Data: 0.000 (2.308)	Loss: 7.6435 (8.3420)
###### Epoch [0] ###### 
Time: 11912.355 s
Clustering loss: 1091971.375 
ConvNet loss: 8.342
####################### 

2021-01-08 02:09:54.467733
2021-01-08 09:20:30.360684
