Architecture: alexnet
Load dataset: 5861.61 s
Compute features
0 / 5005	Time: 27.524 (27.524)
200 / 5005	Time: 2.815 (2.305)
400 / 5005	Time: 0.044 (2.337)
600 / 5005	Time: 3.524 (2.833)
800 / 5005	Time: 0.710 (3.199)
1000 / 5005	Time: 0.043 (3.178)
1200 / 5005	Time: 0.043 (3.123)
1400 / 5005	Time: 0.043 (3.198)
1600 / 5005	Time: 0.045 (3.198)
1800 / 5005	Time: 0.045 (3.147)
2000 / 5005	Time: 0.044 (3.170)
2200 / 5005	Time: 0.043 (3.244)
2400 / 5005	Time: 0.044 (3.223)
2600 / 5005	Time: 0.044 (3.147)
2800 / 5005	Time: 0.043 (3.109)
3000 / 5005	Time: 0.044 (3.108)
3200 / 5005	Time: 0.044 (3.030)
3400 / 5005	Time: 4.132 (2.979)
3600 / 5005	Time: 3.114 (2.917)
3800 / 5005	Time: 0.044 (2.997)
4000 / 5005	Time: 1.060 (3.040)
4200 / 5005	Time: 0.044 (2.991)
4400 / 5005	Time: 0.047 (2.943)
4600 / 5005	Time: 0.044 (2.908)
4800 / 5005	Time: 0.046 (2.914)
5000 / 5005	Time: 0.044 (2.878)
k-means loss evolution: [1821368.6 1125765.  1110245.1 1103599.5 1099998.  1097792.4 1096298.4
 1095253.6 1094499.  1093929.2 1093469.5 1093087.4 1092806.6 1092569.9
 1092365.9 1092210.2 1092064.6 1091935.9 1091840.9 1091754.4]
k-means time: 298 s
Epoch: [0][0/5005]	Time: 26.938 (26.938)	Data: 23.740 (23.740)	Loss: 9.3700 (9.3700)
Epoch: [0][200/5005]	Time: 15.853 (3.023)	Data: 15.829 (2.935)	Loss: 9.1358 (9.1821)
Epoch: [0][400/5005]	Time: 12.488 (3.229)	Data: 12.464 (3.155)	Loss: 8.9366 (9.1108)
Epoch: [0][600/5005]	Time: 9.304 (3.285)	Data: 9.280 (3.219)	Loss: 8.8679 (9.0494)
Epoch: [0][800/5005]	Time: 8.862 (3.198)	Data: 8.838 (3.133)	Loss: 8.8016 (8.9952)
Epoch: [0][1000/5005]	Time: 8.140 (3.027)	Data: 8.116 (2.961)	Loss: 8.8362 (8.9463)
Epoch: [0][1200/5005]	Time: 9.148 (2.906)	Data: 9.124 (2.841)	Loss: 8.7610 (8.8999)
Epoch: [0][1400/5005]	Time: 9.983 (2.920)	Data: 9.959 (2.852)	Loss: 8.5739 (8.8581)
Epoch: [0][1600/5005]	Time: 8.415 (2.852)	Data: 8.389 (2.783)	Loss: 8.4234 (8.8187)
Epoch: [0][1800/5005]	Time: 9.661 (2.816)	Data: 9.636 (2.747)	Loss: 8.2756 (8.7809)
Epoch: [0][2000/5005]	Time: 16.604 (2.860)	Data: 16.579 (2.791)	Loss: 8.4985 (8.7458)
Epoch: [0][2200/5005]	Time: 9.397 (2.944)	Data: 9.373 (2.873)	Loss: 8.4668 (8.7104)
Epoch: [0][2400/5005]	Time: 4.811 (2.997)	Data: 4.787 (2.927)	Loss: 8.3355 (8.6770)
Epoch: [0][2600/5005]	Time: 8.243 (2.966)	Data: 8.213 (2.897)	Loss: 8.1954 (8.6444)
Epoch: [0][2800/5005]	Time: 10.046 (2.915)	Data: 10.022 (2.847)	Loss: 8.0451 (8.6140)
Epoch: [0][3000/5005]	Time: 10.743 (2.884)	Data: 10.719 (2.816)	Loss: 8.0224 (8.5847)
Epoch: [0][3200/5005]	Time: 0.840 (2.881)	Data: 0.817 (2.813)	Loss: 8.0085 (8.5574)
Epoch: [0][3400/5005]	Time: 2.601 (2.857)	Data: 2.577 (2.790)	Loss: 8.0323 (8.5317)
Epoch: [0][3600/5005]	Time: 2.748 (2.847)	Data: 2.724 (2.780)	Loss: 8.0609 (8.5068)
Epoch: [0][3800/5005]	Time: 8.179 (2.866)	Data: 8.154 (2.800)	Loss: 7.9379 (8.4828)
Epoch: [0][4000/5005]	Time: 5.234 (2.895)	Data: 5.210 (2.830)	Loss: 7.8677 (8.4603)
Epoch: [0][4200/5005]	Time: 1.194 (2.918)	Data: 1.169 (2.852)	Loss: 7.8543 (8.4380)
Epoch: [0][4400/5005]	Time: 0.087 (2.891)	Data: 0.000 (2.825)	Loss: 7.9748 (8.4168)
Epoch: [0][4600/5005]	Time: 0.087 (2.857)	Data: 0.000 (2.791)	Loss: 7.8792 (8.3962)
Epoch: [0][4800/5005]	Time: 0.087 (2.852)	Data: 0.000 (2.786)	Loss: 7.9726 (8.3762)
Epoch: [0][5000/5005]	Time: 0.088 (2.855)	Data: 0.000 (2.788)	Loss: 7.7633 (8.3574)
###### Epoch [0] ###### 
Time: 14288.122 s
Clustering loss: 1091754.375 
ConvNet loss: 8.357
####################### 

Compute features
0 / 5005	Time: 11.363 (11.363)
200 / 5005	Time: 8.286 (2.054)
400 / 5005	Time: 5.074 (2.036)
600 / 5005	Time: 0.044 (2.308)
800 / 5005	Time: 0.043 (2.613)
1000 / 5005	Time: 0.044 (2.697)
1200 / 5005	Time: 0.043 (2.582)
1400 / 5005	Time: 0.043 (2.441)
1600 / 5005	Time: 2.378 (2.320)
1800 / 5005	Time: 3.669 (2.264)
2000 / 5005	Time: 0.044 (2.311)
2200 / 5005	Time: 1.211 (2.246)
2400 / 5005	Time: 0.043 (2.201)
2600 / 5005	Time: 0.044 (2.147)
2800 / 5005	Time: 0.044 (2.112)
3000 / 5005	Time: 2.313 (2.155)
3200 / 5005	Time: 0.043 (2.190)
3400 / 5005	Time: 1.262 (2.216)
3600 / 5005	Time: 0.043 (2.169)
3800 / 5005	Time: 0.608 (2.125)
4000 / 5005	Time: 0.608 (2.085)
4200 / 5005	Time: 0.044 (2.058)
4400 / 5005	Time: 0.045 (2.078)
4600 / 5005	Time: 0.044 (2.063)
4800 / 5005	Time: 1.259 (2.034)
5000 / 5005	Time: 0.308 (2.015)
k-means loss evolution: [1189132.4   819225.5   802345.25  794545.1   789921.75  786901.56
  784745.94  783144.44  781909.4   780922.06  780103.5   779429.06
  778874.    778407.94  777986.44  777623.44  777315.4   777045.2
  776790.8   776557.4 ]
k-means time: 43 s
Epoch: [1][0/5005]	Time: 15.834 (15.834)	Data: 14.339 (14.339)	Loss: 9.3934 (9.3934)
Epoch: [1][200/5005]	Time: 0.086 (2.386)	Data: 0.000 (2.331)	Loss: 8.6957 (9.0621)
Epoch: [1][400/5005]	Time: 1.295 (2.684)	Data: 1.269 (2.637)	Loss: 7.8665 (8.6732)
Epoch: [1][600/5005]	Time: 0.086 (2.802)	Data: 0.000 (2.754)	Loss: 7.3772 (8.3315)
Epoch: [1][800/5005]	Time: 0.088 (2.769)	Data: 0.000 (2.713)	Loss: 7.3516 (8.0690)
Epoch: [1][1000/5005]	Time: 0.086 (2.604)	Data: 0.000 (2.550)	Loss: 6.8005 (7.8610)
Epoch: [1][1200/5005]	Time: 0.074 (2.485)	Data: 0.000 (2.430)	Loss: 6.7699 (7.6942)
Epoch: [1][1400/5005]	Time: 0.084 (2.423)	Data: 0.000 (2.368)	Loss: 6.7029 (7.5599)
Epoch: [1][1600/5005]	Time: 0.086 (2.435)	Data: 0.000 (2.378)	Loss: 6.8838 (7.4455)
Epoch: [1][1800/5005]	Time: 0.089 (2.383)	Data: 0.000 (2.325)	Loss: 6.2401 (7.3504)
Epoch: [1][2000/5005]	Time: 0.089 (2.329)	Data: 0.000 (2.270)	Loss: 6.6059 (7.2653)
Epoch: [1][2200/5005]	Time: 0.086 (2.284)	Data: 0.000 (2.225)	Loss: 6.3659 (7.1924)
Epoch: [1][2400/5005]	Time: 0.085 (2.298)	Data: 0.000 (2.237)	Loss: 6.4135 (7.1257)
Epoch: [1][2600/5005]	Time: 0.088 (2.334)	Data: 0.000 (2.272)	Loss: 6.2668 (7.0682)
Epoch: [1][2800/5005]	Time: 0.085 (2.371)	Data: 0.000 (2.308)	Loss: 6.2999 (7.0147)
Epoch: [1][3000/5005]	Time: 0.086 (2.363)	Data: 0.000 (2.299)	Loss: 6.3330 (6.9662)
Epoch: [1][3200/5005]	Time: 0.085 (2.334)	Data: 0.000 (2.270)	Loss: 6.0746 (6.9222)
Epoch: [1][3400/5005]	Time: 5.202 (2.312)	Data: 5.065 (2.248)	Loss: 6.2006 (6.8806)
Epoch: [1][3600/5005]	Time: 1.595 (2.311)	Data: 1.570 (2.248)	Loss: 6.4011 (6.8425)
Epoch: [1][3800/5005]	Time: 1.097 (2.307)	Data: 1.071 (2.244)	Loss: 6.1602 (6.8070)
Epoch: [1][4000/5005]	Time: 3.111 (2.282)	Data: 3.087 (2.219)	Loss: 5.8921 (6.7746)
Epoch: [1][4200/5005]	Time: 0.641 (2.259)	Data: 0.616 (2.196)	Loss: 6.0690 (6.7446)
Epoch: [1][4400/5005]	Time: 0.099 (2.238)	Data: 0.000 (2.176)	Loss: 6.0264 (6.7159)
Epoch: [1][4600/5005]	Time: 0.086 (2.282)	Data: 0.000 (2.219)	Loss: 5.9748 (6.6892)
Epoch: [1][4800/5005]	Time: 0.085 (2.327)	Data: 0.000 (2.264)	Loss: 6.2466 (6.6629)
Epoch: [1][5000/5005]	Time: 0.092 (2.348)	Data: 0.000 (2.284)	Loss: 6.0587 (6.6379)
###### Epoch [1] ###### 
Time: 11749.816 s
Clustering loss: 776557.375 
ConvNet loss: 6.637
NMI against previous assignment: 0.524
####################### 

Compute features
0 / 5005	Time: 8.765 (8.765)
200 / 5005	Time: 2.217 (1.429)
400 / 5005	Time: 4.242 (1.452)
600 / 5005	Time: 0.044 (1.468)
800 / 5005	Time: 0.044 (1.602)
1000 / 5005	Time: 0.043 (1.694)
1200 / 5005	Time: 0.043 (1.618)
1400 / 5005	Time: 1.615 (1.556)
1600 / 5005	Time: 2.732 (1.522)
1800 / 5005	Time: 0.760 (1.485)
2000 / 5005	Time: 2.114 (1.469)
2200 / 5005	Time: 0.044 (1.544)
2400 / 5005	Time: 0.044 (1.635)
2600 / 5005	Time: 0.044 (1.716)
2800 / 5005	Time: 2.364 (1.707)
3000 / 5005	Time: 0.156 (1.673)
3200 / 5005	Time: 0.909 (1.635)
3400 / 5005	Time: 1.425 (1.605)
3600 / 5005	Time: 0.045 (1.576)
3800 / 5005	Time: 0.043 (1.589)
4000 / 5005	Time: 0.043 (1.611)
4200 / 5005	Time: 0.910 (1.584)
4400 / 5005	Time: 1.574 (1.562)
4600 / 5005	Time: 1.893 (1.539)
4800 / 5005	Time: 9.607 (1.564)
5000 / 5005	Time: 8.437 (1.595)
k-means loss evolution: [1159213.    809200.    792656.8   784925.1   780320.6   777275.25
  775084.25  773409.2   772113.5   771099.2   770275.6   769583.1
  769001.1   768517.1   768117.75  767762.25  767440.4   767151.1
  766891.1   766673.2 ]
k-means time: 42 s
Epoch: [2][0/5005]	Time: 14.426 (14.426)	Data: 13.457 (13.457)	Loss: 9.5527 (9.5527)
Epoch: [2][200/5005]	Time: 8.330 (2.487)	Data: 8.305 (2.428)	Loss: 8.3910 (8.9103)
Epoch: [2][400/5005]	Time: 9.545 (2.475)	Data: 9.520 (2.411)	Loss: 7.2827 (8.2982)
Epoch: [2][600/5005]	Time: 6.410 (2.499)	Data: 6.384 (2.440)	Loss: 6.8028 (7.8325)
Epoch: [2][800/5005]	Time: 6.427 (2.573)	Data: 6.402 (2.515)	Loss: 6.5231 (7.5071)
Epoch: [2][1000/5005]	Time: 2.512 (2.577)	Data: 2.486 (2.522)	Loss: 6.0704 (7.2697)
Epoch: [2][1200/5005]	Time: 0.086 (2.571)	Data: 0.000 (2.516)	Loss: 6.0689 (7.0866)
Epoch: [2][1400/5005]	Time: 0.088 (2.587)	Data: 0.000 (2.530)	Loss: 5.9772 (6.9413)
Epoch: [2][1600/5005]	Time: 0.086 (2.573)	Data: 0.000 (2.516)	Loss: 6.0426 (6.8215)
Epoch: [2][1800/5005]	Time: 0.085 (2.561)	Data: 0.000 (2.504)	Loss: 5.7743 (6.7207)
Epoch: [2][2000/5005]	Time: 2.303 (2.552)	Data: 2.270 (2.496)	Loss: 5.7634 (6.6344)
Epoch: [2][2200/5005]	Time: 0.085 (2.544)	Data: 0.000 (2.489)	Loss: 5.8908 (6.5603)
Epoch: [2][2400/5005]	Time: 2.007 (2.547)	Data: 1.973 (2.492)	Loss: 5.6677 (6.4957)
Epoch: [2][2600/5005]	Time: 0.086 (2.547)	Data: 0.000 (2.491)	Loss: 5.7549 (6.4384)
Epoch: [2][2800/5005]	Time: 0.086 (2.595)	Data: 0.000 (2.538)	Loss: 5.8054 (6.3881)
Epoch: [2][3000/5005]	Time: 0.093 (2.628)	Data: 0.000 (2.570)	Loss: 5.8612 (6.3419)
Epoch: [2][3200/5005]	Time: 6.526 (2.691)	Data: 6.502 (2.633)	Loss: 5.7524 (6.3010)
Epoch: [2][3400/5005]	Time: 1.306 (2.716)	Data: 1.281 (2.657)	Loss: 5.5893 (6.2636)
Epoch: [2][3600/5005]	Time: 0.085 (2.798)	Data: 0.000 (2.739)	Loss: 5.5377 (6.2285)
Epoch: [2][3800/5005]	Time: 0.085 (2.891)	Data: 0.000 (2.830)	Loss: 5.6019 (6.1959)
Epoch: [2][4000/5005]	Time: 0.591 (2.988)	Data: 0.567 (2.927)	Loss: 5.7300 (6.1655)
Epoch: [2][4200/5005]	Time: 0.091 (3.100)	Data: 0.000 (3.040)	Loss: 5.6344 (6.1390)
Epoch: [2][4400/5005]	Time: 0.086 (3.167)	Data: 0.000 (3.106)	Loss: 5.5508 (6.1135)
Epoch: [2][4600/5005]	Time: 0.088 (3.279)	Data: 0.000 (3.218)	Loss: 5.4128 (6.0894)
Epoch: [2][4800/5005]	Time: 0.690 (3.350)	Data: 0.666 (3.288)	Loss: 5.7725 (6.0664)
Epoch: [2][5000/5005]	Time: 0.088 (3.325)	Data: 0.000 (3.263)	Loss: 5.4203 (6.0444)
###### Epoch [2] ###### 
Time: 16637.755 s
Clustering loss: 766673.188 
ConvNet loss: 6.044
NMI against previous assignment: 0.622
####################### 

Compute features
0 / 5005	Time: 10.931 (10.931)
200 / 5005	Time: 7.130 (2.112)
400 / 5005	Time: 19.607 (2.728)
600 / 5005	Time: 11.977 (2.946)
800 / 5005	Time: 0.043 (3.156)
1000 / 5005	Time: 0.044 (2.863)
1200 / 5005	Time: 0.044 (2.687)
1400 / 5005	Time: 27.977 (3.109)
1600 / 5005	Time: 6.951 (3.141)
1800 / 5005	Time: 0.043 (2.994)
2000 / 5005	Time: 0.043 (2.941)
2200 / 5005	Time: 3.271 (2.963)
2400 / 5005	Time: 0.044 (3.008)
2600 / 5005	Time: 0.043 (2.927)
2800 / 5005	Time: 1.689 (2.828)
3000 / 5005	Time: 0.044 (2.743)
3200 / 5005	Time: 0.043 (2.665)
3400 / 5005	Time: 2.073 (2.701)
3600 / 5005	Time: 0.043 (2.748)
3800 / 5005	Time: 1.326 (2.746)
4000 / 5005	Time: 0.042 (2.842)
4200 / 5005	Time: 13.973 (2.988)
4400 / 5005	Time: 12.729 (3.020)
4600 / 5005	Time: 34.208 (3.219)
4800 / 5005	Time: 22.269 (3.393)
5000 / 5005	Time: 11.438 (3.604)
k-means loss evolution: [1165312.6   813708.    797136.4   789317.56  784736.06  781640.44
  779413.25  777755.9   776460.75  775448.    774625.9   773928.94
  773346.7   772858.6   772407.6   772018.7   771697.94  771396.6
  771120.6   770897.  ]
k-means time: 47 s
Epoch: [3][0/5005]	Time: 33.749 (33.749)	Data: 32.483 (32.483)	Loss: 9.5405 (9.5405)
Epoch: [3][200/5005]	Time: 0.088 (6.418)	Data: 0.000 (6.364)	Loss: 8.1563 (8.9007)
Epoch: [3][400/5005]	Time: 0.089 (9.758)	Data: 0.000 (9.687)	Loss: 6.9791 (8.2129)
Epoch: [3][600/5005]	Time: 0.088 (9.743)	Data: 0.000 (9.668)	Loss: 6.2664 (7.6987)
Epoch: [3][800/5005]	Time: 0.289 (9.508)	Data: 0.265 (9.433)	Loss: 5.9122 (7.3414)
Epoch: [3][1000/5005]	Time: 5.354 (9.506)	Data: 5.329 (9.427)	Loss: 5.9800 (7.0827)
Epoch: [3][1200/5005]	Time: 0.086 (9.442)	Data: 0.000 (9.365)	Loss: 5.7283 (6.8826)
Epoch: [3][1400/5005]	Time: 5.594 (9.108)	Data: 5.569 (9.033)	Loss: 5.6844 (6.7276)
Epoch: [3][1600/5005]	Time: 33.254 (8.744)	Data: 33.228 (8.668)	Loss: 5.8326 (6.6009)
Epoch: [3][1800/5005]	Time: 11.008 (8.380)	Data: 10.975 (8.305)	Loss: 5.7192 (6.4939)
Epoch: [3][2000/5005]	Time: 13.974 (8.090)	Data: 13.949 (8.015)	Loss: 5.6541 (6.4027)
Epoch: [3][2200/5005]	Time: 38.322 (7.823)	Data: 38.296 (7.747)	Loss: 5.4779 (6.3258)
Epoch: [3][2400/5005]	Time: 2.850 (7.552)	Data: 2.825 (7.477)	Loss: 5.3783 (6.2598)
Epoch: [3][2600/5005]	Time: 10.190 (7.651)	Data: 10.165 (7.577)	Loss: 5.5570 (6.1994)
Epoch: [3][2800/5005]	Time: 5.139 (7.509)	Data: 5.114 (7.435)	Loss: 5.6375 (6.1481)
Epoch: [3][3000/5005]	Time: 12.469 (7.431)	Data: 12.442 (7.358)	Loss: 5.2573 (6.1024)
Epoch: [3][3200/5005]	Time: 0.088 (7.217)	Data: 0.000 (7.144)	Loss: 5.3620 (6.0587)
Epoch: [3][3400/5005]	Time: 0.085 (7.220)	Data: 0.000 (7.147)	Loss: 5.2292 (6.0192)
Epoch: [3][3600/5005]	Time: 3.052 (7.131)	Data: 3.027 (7.058)	Loss: 5.3346 (5.9837)
Epoch: [3][3800/5005]	Time: 44.663 (7.014)	Data: 43.523 (6.941)	Loss: 5.5484 (5.9511)
Epoch: [3][4000/5005]	Time: 10.592 (7.239)	Data: 10.568 (7.166)	Loss: 5.2306 (5.9205)
Epoch: [3][4200/5005]	Time: 3.002 (7.363)	Data: 2.974 (7.289)	Loss: 5.2058 (5.8917)
Epoch: [3][4400/5005]	Time: 14.231 (7.412)	Data: 14.206 (7.339)	Loss: 5.4911 (5.8656)
Epoch: [3][4600/5005]	Time: 28.328 (7.590)	Data: 28.303 (7.516)	Loss: 5.4321 (5.8421)
Epoch: [3][4800/5005]	Time: 6.847 (7.742)	Data: 6.821 (7.668)	Loss: 5.2297 (5.8191)
Epoch: [3][5000/5005]	Time: 22.766 (7.964)	Data: 22.739 (7.888)	Loss: 5.2993 (5.7971)
###### Epoch [3] ###### 
Time: 39840.537 s
Clustering loss: 770897.000 
ConvNet loss: 5.797
NMI against previous assignment: 0.645
####################### 

Compute features
0 / 5005	Time: 27.926 (27.926)
200 / 5005	Time: 9.291 (9.325)
400 / 5005	Time: 0.043 (9.110)
600 / 5005	Time: 0.042 (8.725)
800 / 5005	Time: 0.044 (8.664)
1000 / 5005	Time: 0.044 (7.711)
1200 / 5005	Time: 7.828 (7.332)
1400 / 5005	Time: 0.043 (6.868)
1600 / 5005	Time: 50.388 (7.501)
1800 / 5005	Time: 27.769 (7.368)
2000 / 5005	Time: 11.161 (7.244)
2200 / 5005	Time: 0.043 (6.866)
2400 / 5005	Time: 0.044 (6.793)
2600 / 5005	Time: 0.043 (6.707)
2800 / 5005	Time: 3.371 (7.038)
3000 / 5005	Time: 0.308 (7.261)
3200 / 5005	Time: 8.167 (7.227)
3400 / 5005	Time: 7.471 (7.062)
3600 / 5005	Time: 10.217 (6.907)
3800 / 5005	Time: 23.591 (6.818)
4000 / 5005	Time: 5.040 (7.060)
4200 / 5005	Time: 3.485 (7.166)
4400 / 5005	Time: 6.016 (7.012)
4600 / 5005	Time: 0.043 (6.852)
4800 / 5005	Time: 0.044 (6.724)
5000 / 5005	Time: 0.043 (6.634)
k-means loss evolution: [1170058.    816544.7   799745.    791807.7   787082.6   783964.94
  781760.94  780088.6   778788.8   777727.44  776885.9   776180.6
  775598.7   775092.6   774656.94  774269.94  773932.44  773650.9
  773393.    773178.2 ]
k-means time: 44 s
Epoch: [4][0/5005]	Time: 18.755 (18.755)	Data: 17.700 (17.700)	Loss: 9.4721 (9.4721)
