Architecture: alexnet
Load dataset: 20604.07 s
Compute features
0 / 5005	Time: 34.884 (34.884)
200 / 5005	Time: 19.141 (5.000)
400 / 5005	Time: 13.746 (4.286)
600 / 5005	Time: 22.700 (4.471)
800 / 5005	Time: 29.392 (5.526)
1000 / 5005	Time: 5.610 (5.402)
1200 / 5005	Time: 7.279 (5.091)
1400 / 5005	Time: 29.388 (4.832)
1600 / 5005	Time: 13.749 (4.826)
1800 / 5005	Time: 7.428 (4.843)
2000 / 5005	Time: 6.461 (4.823)
2200 / 5005	Time: 17.896 (4.816)
2400 / 5005	Time: 12.572 (4.862)
2600 / 5005	Time: 5.685 (4.974)
2800 / 5005	Time: 0.042 (5.039)
3000 / 5005	Time: 0.042 (5.037)
3200 / 5005	Time: 0.042 (5.099)
3400 / 5005	Time: 0.043 (5.069)
3600 / 5005	Time: 0.042 (5.000)
3800 / 5005	Time: 0.043 (4.924)
4000 / 5005	Time: 0.042 (4.836)
4200 / 5005	Time: 0.043 (4.828)
4400 / 5005	Time: 0.042 (4.921)
4600 / 5005	Time: 0.043 (4.936)
4800 / 5005	Time: 0.042 (5.075)
5000 / 5005	Time: 7.920 (5.014)
k-means loss evolution: [1813680.4 1121002.5 1104972.  1098213.8 1094591.8 1092332.2 1090826.1
 1089739.9 1088934.5 1088318.8 1087850.8 1087483.5 1087203.8 1086960.1
 1086756.2 1086565.2 1086437.  1086306.8 1086206.2 1086105.6]
k-means time: 47 s
Epoch: [0][0/5005]	Time: 19.583 (19.583)	Data: 16.831 (16.831)	Loss: 9.4421 (9.4421)
Epoch: [0][200/5005]	Time: 9.193 (3.153)	Data: 9.168 (3.076)	Loss: 9.0757 (9.1832)
Epoch: [0][400/5005]	Time: 0.089 (3.216)	Data: 0.000 (3.151)	Loss: 9.0286 (9.1102)
Epoch: [0][600/5005]	Time: 2.403 (3.733)	Data: 2.379 (3.674)	Loss: 8.8752 (9.0513)
Epoch: [0][800/5005]	Time: 3.556 (3.669)	Data: 3.525 (3.616)	Loss: 8.8034 (8.9977)
Epoch: [0][1000/5005]	Time: 0.088 (4.078)	Data: 0.000 (4.019)	Loss: 8.6727 (8.9480)
Epoch: [0][1200/5005]	Time: 0.085 (5.243)	Data: 0.000 (5.180)	Loss: 8.6956 (8.9033)
Epoch: [0][1400/5005]	Time: 0.087 (5.172)	Data: 0.000 (5.106)	Loss: 8.6806 (8.8627)
Epoch: [0][1600/5005]	Time: 0.085 (5.225)	Data: 0.000 (5.157)	Loss: 8.5185 (8.8211)
Epoch: [0][1800/5005]	Time: 0.084 (5.065)	Data: 0.000 (4.997)	Loss: 8.4241 (8.7821)
Epoch: [0][2000/5005]	Time: 0.088 (4.913)	Data: 0.000 (4.844)	Loss: 8.3249 (8.7446)
Epoch: [0][2200/5005]	Time: 0.085 (5.055)	Data: 0.000 (4.984)	Loss: 8.2653 (8.7085)
Epoch: [0][2400/5005]	Time: 0.088 (5.118)	Data: 0.000 (5.046)	Loss: 8.3389 (8.6744)
Epoch: [0][2600/5005]	Time: 0.087 (5.441)	Data: 0.000 (5.369)	Loss: 8.2417 (8.6415)
Epoch: [0][2800/5005]	Time: 0.413 (5.474)	Data: 0.379 (5.401)	Loss: 8.3241 (8.6100)
Epoch: [0][3000/5005]	Time: 4.873 (5.411)	Data: 4.849 (5.339)	Loss: 7.9311 (8.5803)
Epoch: [0][3200/5005]	Time: 0.741 (5.333)	Data: 0.717 (5.262)	Loss: 8.1012 (8.5523)
Epoch: [0][3400/5005]	Time: 0.086 (5.207)	Data: 0.000 (5.137)	Loss: 8.1517 (8.5256)
Epoch: [0][3600/5005]	Time: 0.090 (5.063)	Data: 0.000 (4.994)	Loss: 7.9970 (8.4991)
Epoch: [0][3800/5005]	Time: 0.085 (5.016)	Data: 0.000 (4.947)	Loss: 8.0261 (8.4743)
Epoch: [0][4000/5005]	Time: 0.089 (4.971)	Data: 0.000 (4.902)	Loss: 7.9082 (8.4502)
Epoch: [0][4200/5005]	Time: 0.089 (5.112)	Data: 0.000 (5.043)	Loss: 8.0082 (8.4271)
Epoch: [0][4400/5005]	Time: 12.817 (5.315)	Data: 12.791 (5.247)	Loss: 7.8106 (8.4049)
Epoch: [0][4600/5005]	Time: 12.608 (5.326)	Data: 12.583 (5.257)	Loss: 7.7930 (8.3837)
Epoch: [0][4800/5005]	Time: 13.471 (5.322)	Data: 13.447 (5.254)	Loss: 7.7480 (8.3636)
Epoch: [0][5000/5005]	Time: 35.146 (5.305)	Data: 35.121 (5.236)	Loss: 7.8645 (8.3438)
###### Epoch [0] ###### 
Time: 26545.595 s
Clustering loss: 1086105.625 
ConvNet loss: 8.343
####################### 

Compute features
0 / 5005	Time: 19.295 (19.295)
200 / 5005	Time: 8.732 (3.823)
400 / 5005	Time: 21.676 (4.440)
600 / 5005	Time: 7.333 (5.147)
800 / 5005	Time: 0.044 (5.756)
1000 / 5005	Time: 0.044 (5.605)
1200 / 5005	Time: 0.043 (5.591)
1400 / 5005	Time: 0.044 (5.452)
1600 / 5005	Time: 3.720 (5.427)
1800 / 5005	Time: 0.107 (5.445)
2000 / 5005	Time: 2.563 (5.407)
2200 / 5005	Time: 2.218 (5.349)
2400 / 5005	Time: 0.043 (5.303)
2600 / 5005	Time: 0.043 (5.415)
2800 / 5005	Time: 0.044 (5.375)
3000 / 5005	Time: 0.258 (5.319)
3200 / 5005	Time: 0.043 (5.216)
3400 / 5005	Time: 7.881 (5.113)
3600 / 5005	Time: 2.771 (5.047)
3800 / 5005	Time: 5.240 (4.992)
4000 / 5005	Time: 1.063 (4.922)
4200 / 5005	Time: 9.087 (4.886)
4400 / 5005	Time: 0.044 (4.880)
4600 / 5005	Time: 0.044 (4.863)
4800 / 5005	Time: 6.754 (4.855)
5000 / 5005	Time: 11.379 (4.903)
k-means loss evolution: [1194658.5   822290.94  805655.9   797971.3   793453.    790450.56
  788296.1   786685.06  785430.94  784440.8   783627.9   782988.1
  782428.44  781954.7   781535.4   781169.25  780854.    780575.56
  780331.6   780096.6 ]
k-means time: 49 s
Epoch: [1][0/5005]	Time: 22.979 (22.979)	Data: 21.851 (21.851)	Loss: 9.4274 (9.4274)
Epoch: [1][200/5005]	Time: 10.386 (5.701)	Data: 10.361 (5.636)	Loss: 8.7082 (9.0692)
Epoch: [1][400/5005]	Time: 9.135 (5.247)	Data: 9.111 (5.179)	Loss: 7.8381 (8.6791)
Epoch: [1][600/5005]	Time: 1.544 (4.875)	Data: 1.519 (4.810)	Loss: 7.2633 (8.3248)
Epoch: [1][800/5005]	Time: 16.855 (5.043)	Data: 16.830 (4.974)	Loss: 7.0401 (8.0502)
Epoch: [1][1000/5005]	Time: 17.111 (4.939)	Data: 17.087 (4.869)	Loss: 7.1140 (7.8434)
Epoch: [1][1200/5005]	Time: 12.515 (4.928)	Data: 12.489 (4.857)	Loss: 6.8569 (7.6800)
Epoch: [1][1400/5005]	Time: 18.713 (5.197)	Data: 18.688 (5.124)	Loss: 6.7804 (7.5474)
Epoch: [1][1600/5005]	Time: 16.272 (5.233)	Data: 16.247 (5.161)	Loss: 6.6505 (7.4325)
Epoch: [1][1800/5005]	Time: 19.439 (5.410)	Data: 19.414 (5.338)	Loss: 6.5652 (7.3343)
Epoch: [1][2000/5005]	Time: 11.097 (5.261)	Data: 11.071 (5.190)	Loss: 6.1933 (7.2528)
Epoch: [1][2200/5005]	Time: 11.961 (5.151)	Data: 11.937 (5.080)	Loss: 6.5908 (7.1808)
Epoch: [1][2400/5005]	Time: 5.706 (5.067)	Data: 5.681 (4.996)	Loss: 6.3754 (7.1172)
Epoch: [1][2600/5005]	Time: 6.941 (5.010)	Data: 6.916 (4.941)	Loss: 6.3593 (7.0602)
Epoch: [1][2800/5005]	Time: 25.696 (4.993)	Data: 25.645 (4.924)	Loss: 6.3683 (7.0079)
Epoch: [1][3000/5005]	Time: 40.807 (5.217)	Data: 40.782 (5.147)	Loss: 6.2528 (6.9599)
Epoch: [1][3200/5005]	Time: 0.088 (5.322)	Data: 0.000 (5.252)	Loss: 6.3237 (6.9173)
Epoch: [1][3400/5005]	Time: 0.086 (5.269)	Data: 0.000 (5.200)	Loss: 5.9495 (6.8773)
Epoch: [1][3600/5005]	Time: 0.088 (5.229)	Data: 0.000 (5.159)	Loss: 6.3214 (6.8405)
Epoch: [1][3800/5005]	Time: 0.087 (5.162)	Data: 0.000 (5.093)	Loss: 6.3574 (6.8060)
Epoch: [1][4000/5005]	Time: 0.085 (5.081)	Data: 0.000 (5.011)	Loss: 6.0126 (6.7736)
Epoch: [1][4200/5005]	Time: 0.080 (5.079)	Data: 0.000 (5.010)	Loss: 6.0466 (6.7429)
Epoch: [1][4400/5005]	Time: 0.044 (5.054)	Data: 0.000 (4.985)	Loss: 6.1318 (6.7149)
Epoch: [1][4600/5005]	Time: 0.087 (5.115)	Data: 0.000 (5.046)	Loss: 6.0316 (6.6882)
Epoch: [1][4800/5005]	Time: 8.615 (5.110)	Data: 8.590 (5.041)	Loss: 6.1481 (6.6629)
Epoch: [1][5000/5005]	Time: 0.080 (5.028)	Data: 0.000 (4.959)	Loss: 5.8257 (6.6391)
###### Epoch [1] ###### 
Time: 25155.459 s
Clustering loss: 780096.625 
ConvNet loss: 6.639
NMI against previous assignment: 0.526
####################### 

Compute features
0 / 5005	Time: 12.769 (12.769)
200 / 5005	Time: 0.043 (4.165)
400 / 5005	Time: 0.043 (4.874)
600 / 5005	Time: 0.044 (4.271)
800 / 5005	Time: 0.043 (3.918)
1000 / 5005	Time: 0.043 (3.643)
1200 / 5005	Time: 0.044 (3.508)
1400 / 5005	Time: 0.044 (3.439)
1600 / 5005	Time: 0.043 (3.569)
1800 / 5005	Time: 0.044 (3.469)
2000 / 5005	Time: 0.043 (3.588)
2200 / 5005	Time: 0.043 (3.651)
2400 / 5005	Time: 0.044 (3.667)
2600 / 5005	Time: 3.033 (3.596)
2800 / 5005	Time: 2.018 (3.515)
3000 / 5005	Time: 0.043 (3.455)
3200 / 5005	Time: 0.710 (3.391)
3400 / 5005	Time: 2.467 (3.340)
3600 / 5005	Time: 0.043 (3.290)
3800 / 5005	Time: 0.043 (3.223)
4000 / 5005	Time: 0.043 (3.175)
4200 / 5005	Time: 17.875 (3.232)
4400 / 5005	Time: 14.994 (3.265)
4600 / 5005	Time: 0.043 (3.317)
4800 / 5005	Time: 5.694 (3.330)
5000 / 5005	Time: 12.382 (3.314)
k-means loss evolution: [1162775.4   810222.56  793627.3   785875.6   781246.    778216.06
  776000.5   774365.56  773066.    772052.2   771218.2   770522.8
  769955.7   769469.06  769021.2   768630.25  768303.5   768021.25
  767761.9   767564.9 ]
k-means time: 43 s
Epoch: [2][0/5005]	Time: 23.454 (23.454)	Data: 22.394 (22.394)	Loss: 9.3961 (9.3961)
Epoch: [2][200/5005]	Time: 16.701 (3.481)	Data: 16.677 (3.413)	Loss: 8.2838 (8.9351)
Epoch: [2][400/5005]	Time: 11.439 (3.548)	Data: 11.413 (3.472)	Loss: 7.1978 (8.3364)
Epoch: [2][600/5005]	Time: 9.662 (3.520)	Data: 9.637 (3.446)	Loss: 6.7342 (7.8779)
Epoch: [2][800/5005]	Time: 8.045 (3.407)	Data: 7.261 (3.335)	Loss: 6.5626 (7.5506)
Epoch: [2][1000/5005]	Time: 19.556 (3.602)	Data: 19.531 (3.531)	Loss: 6.0326 (7.3126)
Epoch: [2][1200/5005]	Time: 17.271 (3.880)	Data: 17.213 (3.806)	Loss: 5.9705 (7.1295)
Epoch: [2][1400/5005]	Time: 11.885 (3.929)	Data: 11.860 (3.854)	Loss: 6.0328 (6.9853)
Epoch: [2][1600/5005]	Time: 8.895 (3.807)	Data: 8.870 (3.733)	Loss: 6.0345 (6.8682)
Epoch: [2][1800/5005]	Time: 12.131 (3.809)	Data: 12.105 (3.735)	Loss: 6.0355 (6.7687)
Epoch: [2][2000/5005]	Time: 3.103 (3.870)	Data: 3.079 (3.797)	Loss: 5.6047 (6.6839)
Epoch: [2][2200/5005]	Time: 0.087 (3.783)	Data: 0.000 (3.711)	Loss: 5.7985 (6.6118)
Epoch: [2][2400/5005]	Time: 0.088 (3.712)	Data: 0.000 (3.640)	Loss: 6.0840 (6.5484)
Epoch: [2][2600/5005]	Time: 0.086 (3.632)	Data: 0.000 (3.560)	Loss: 5.7599 (6.4915)
Epoch: [2][2800/5005]	Time: 0.087 (3.581)	Data: 0.000 (3.509)	Loss: 5.5891 (6.4404)
Epoch: [2][3000/5005]	Time: 0.086 (3.624)	Data: 0.000 (3.552)	Loss: 5.7449 (6.3933)
Epoch: [2][3200/5005]	Time: 0.628 (3.692)	Data: 0.000 (3.620)	Loss: 5.6379 (6.3514)
Epoch: [2][3400/5005]	Time: 3.605 (3.651)	Data: 3.581 (3.581)	Loss: 5.9105 (6.3141)
Epoch: [2][3600/5005]	Time: 4.264 (3.602)	Data: 4.239 (3.532)	Loss: 5.4250 (6.2792)
Epoch: [2][3800/5005]	Time: 3.466 (3.565)	Data: 3.441 (3.497)	Loss: 5.5875 (6.2469)
Epoch: [2][4000/5005]	Time: 0.087 (3.541)	Data: 0.000 (3.474)	Loss: 5.5987 (6.2174)
Epoch: [2][4200/5005]	Time: 0.089 (3.607)	Data: 0.000 (3.539)	Loss: 5.6093 (6.1894)
Epoch: [2][4400/5005]	Time: 0.089 (3.599)	Data: 0.000 (3.532)	Loss: 5.7727 (6.1633)
Epoch: [2][4600/5005]	Time: 0.088 (3.585)	Data: 0.000 (3.518)	Loss: 5.2446 (6.1379)
Epoch: [2][4800/5005]	Time: 0.085 (3.614)	Data: 0.000 (3.547)	Loss: 5.2846 (6.1154)
Epoch: [2][5000/5005]	Time: 0.085 (3.679)	Data: 0.000 (3.612)	Loss: 5.6448 (6.0942)
###### Epoch [2] ###### 
Time: 18446.016 s
Clustering loss: 767564.875 
ConvNet loss: 6.094
NMI against previous assignment: 0.622
####################### 

Compute features
0 / 5005	Time: 17.522 (17.522)
200 / 5005	Time: 10.250 (2.989)
400 / 5005	Time: 10.903 (2.869)
600 / 5005	Time: 8.093 (2.753)
800 / 5005	Time: 2.872 (2.873)
1000 / 5005	Time: 0.044 (2.871)
1200 / 5005	Time: 0.044 (2.849)
1400 / 5005	Time: 1.528 (2.798)
1600 / 5005	Time: 1.964 (2.797)
1800 / 5005	Time: 1.112 (3.105)
2000 / 5005	Time: 0.044 (3.168)
2200 / 5005	Time: 3.723 (3.093)
2400 / 5005	Time: 2.219 (3.015)
2600 / 5005	Time: 0.051 (2.933)
2800 / 5005	Time: 2.266 (2.853)
3000 / 5005	Time: 1.114 (2.803)
3200 / 5005	Time: 0.045 (2.768)
3400 / 5005	Time: 0.044 (2.733)
3600 / 5005	Time: 0.043 (2.682)
3800 / 5005	Time: 0.044 (2.629)
4000 / 5005	Time: 0.045 (2.583)
4200 / 5005	Time: 0.862 (2.547)
4400 / 5005	Time: 1.317 (2.563)
4600 / 5005	Time: 11.336 (2.579)
4800 / 5005	Time: 12.084 (2.608)
5000 / 5005	Time: 17.031 (2.658)
k-means loss evolution: [1169023.2   815254.94  798590.6   790782.5   786173.44  783098.7
  780876.9   779204.8   777890.2   776869.3   776009.5   775310.25
  774706.4   774193.06  773759.2   773400.4   773053.9   772748.2
  772490.25  772250.4 ]
k-means time: 47 s
Epoch: [3][0/5005]	Time: 22.659 (22.659)	Data: 21.744 (21.744)	Loss: 9.4917 (9.4917)
Epoch: [3][200/5005]	Time: 6.395 (3.468)	Data: 6.370 (3.409)	Loss: 8.1820 (8.8877)
Epoch: [3][400/5005]	Time: 0.103 (3.451)	Data: 0.000 (3.388)	Loss: 6.8429 (8.2208)
Epoch: [3][600/5005]	Time: 0.084 (3.397)	Data: 0.000 (3.331)	Loss: 6.5150 (7.7149)
