/opt/anaconda3/envs/dc_p27/lib/python2.7/site-packages/PIL/TiffImagePlugin.py:747: UserWarning: Possibly corrupt EXIF data.  Expecting to read 19660800 bytes but only got 0. Skipping tag 0
  " Skipping tag %s" % (size, len(data), tag))
/opt/anaconda3/envs/dc_p27/lib/python2.7/site-packages/PIL/TiffImagePlugin.py:747: UserWarning: Possibly corrupt EXIF data.  Expecting to read 18481152 bytes but only got 0. Skipping tag 0
  " Skipping tag %s" % (size, len(data), tag))
/opt/anaconda3/envs/dc_p27/lib/python2.7/site-packages/PIL/TiffImagePlugin.py:747: UserWarning: Possibly corrupt EXIF data.  Expecting to read 37093376 bytes but only got 0. Skipping tag 0
  " Skipping tag %s" % (size, len(data), tag))
/opt/anaconda3/envs/dc_p27/lib/python2.7/site-packages/PIL/TiffImagePlugin.py:747: UserWarning: Possibly corrupt EXIF data.  Expecting to read 39976960 bytes but only got 0. Skipping tag 0
  " Skipping tag %s" % (size, len(data), tag))
/opt/anaconda3/envs/dc_p27/lib/python2.7/site-packages/PIL/TiffImagePlugin.py:747: UserWarning: Possibly corrupt EXIF data.  Expecting to read 34865152 bytes but only got 0. Skipping tag 0
  " Skipping tag %s" % (size, len(data), tag))
/opt/anaconda3/envs/dc_p27/lib/python2.7/site-packages/PIL/TiffImagePlugin.py:764: UserWarning: Corrupt EXIF data.  Expecting to read 12 bytes but only got 10. 
  warnings.warn(str(msg))
/opt/anaconda3/envs/dc_p27/lib/python2.7/site-packages/PIL/TiffImagePlugin.py:747: UserWarning: Possibly corrupt EXIF data.  Expecting to read 2555904 bytes but only got 0. Skipping tag 0
  " Skipping tag %s" % (size, len(data), tag))
/opt/anaconda3/envs/dc_p27/lib/python2.7/site-packages/PIL/TiffImagePlugin.py:747: UserWarning: Possibly corrupt EXIF data.  Expecting to read 2555904 bytes but only got 0. Skipping tag 0
  " Skipping tag %s" % (size, len(data), tag))
/opt/anaconda3/envs/dc_p27/lib/python2.7/site-packages/PIL/TiffImagePlugin.py:747: UserWarning: Possibly corrupt EXIF data.  Expecting to read 2555904 bytes but only got 0. Skipping tag 0
  " Skipping tag %s" % (size, len(data), tag))
/opt/anaconda3/envs/dc_p27/lib/python2.7/site-packages/PIL/TiffImagePlugin.py:747: UserWarning: Possibly corrupt EXIF data.  Expecting to read 2555904 bytes but only got 0. Skipping tag 0
  " Skipping tag %s" % (size, len(data), tag))
/opt/anaconda3/envs/dc_p27/lib/python2.7/site-packages/PIL/TiffImagePlugin.py:747: UserWarning: Possibly corrupt EXIF data.  Expecting to read 2555904 bytes but only got 0. Skipping tag 0
  " Skipping tag %s" % (size, len(data), tag))
/opt/anaconda3/envs/dc_p27/lib/python2.7/site-packages/PIL/TiffImagePlugin.py:747: UserWarning: Possibly corrupt EXIF data.  Expecting to read 1835008 bytes but only got 0. Skipping tag 0
  " Skipping tag %s" % (size, len(data), tag))
/opt/anaconda3/envs/dc_p27/lib/python2.7/site-packages/PIL/TiffImagePlugin.py:764: UserWarning: Corrupt EXIF data.  Expecting to read 4 bytes but only got 0. 
  warnings.warn(str(msg))
slurmstepd: error: *** JOB 150 ON cusacklab-lamb00 CANCELLED AT 2020-10-09T18:42:51 ***
