Traceback (most recent call last):
  File "main.py", line 335, in <module>
    main()
  File "main.py", line 141, in main
    dataset = datasets.ImageFolder(args.data, transform=transforms.Compose(tra))
  File "/ichec/home/users/annatruzzi/anaconda3/envs/dc_p27/lib/python2.7/site-packages/torchvision/datasets/folder.py", line 209, in __init__
    target_transform=target_transform)
  File "/ichec/home/users/annatruzzi/anaconda3/envs/dc_p27/lib/python2.7/site-packages/torchvision/datasets/folder.py", line 83, in __init__
    classes, class_to_idx = self._find_classes(root)
  File "/ichec/home/users/annatruzzi/anaconda3/envs/dc_p27/lib/python2.7/site-packages/torchvision/datasets/folder.py", line 118, in _find_classes
    classes = [d for d in os.listdir(dir) if os.path.isdir(os.path.join(dir, d))]
OSError: [Errno 2] No such file or directory: '/data/ILSVRC2012/train'
Traceback (most recent call last):
  File "main.py", line 335, in <module>
    main()
  File "main.py", line 141, in main
    dataset = datasets.ImageFolder(args.data, transform=transforms.Compose(tra))
  File "/ichec/home/users/annatruzzi/anaconda3/envs/dc_p27/lib/python2.7/site-packages/torchvision/datasets/folder.py", line 209, in __init__
    target_transform=target_transform)
  File "/ichec/home/users/annatruzzi/anaconda3/envs/dc_p27/lib/python2.7/site-packages/torchvision/datasets/folder.py", line 83, in __init__
    classes, class_to_idx = self._find_classes(root)
  File "/ichec/home/users/annatruzzi/anaconda3/envs/dc_p27/lib/python2.7/site-packages/torchvision/datasets/folder.py", line 118, in _find_classes
    classes = [d for d in os.listdir(dir) if os.path.isdir(os.path.join(dir, d))]
OSError: [Errno 2] No such file or directory: '/data/ILSVRC2012/train'
Traceback (most recent call last):
  File "main.py", line 335, in <module>
    main()
  File "main.py", line 141, in main
    dataset = datasets.ImageFolder(args.data, transform=transforms.Compose(tra))
  File "/ichec/home/users/annatruzzi/anaconda3/envs/dc_p27/lib/python2.7/site-packages/torchvision/datasets/folder.py", line 209, in __init__
    target_transform=target_transform)
  File "/ichec/home/users/annatruzzi/anaconda3/envs/dc_p27/lib/python2.7/site-packages/torchvision/datasets/folder.py", line 83, in __init__
    classes, class_to_idx = self._find_classes(root)
  File "/ichec/home/users/annatruzzi/anaconda3/envs/dc_p27/lib/python2.7/site-packages/torchvision/datasets/folder.py", line 118, in _find_classes
    classes = [d for d in os.listdir(dir) if os.path.isdir(os.path.join(dir, d))]
OSError: [Errno 2] No such file or directory: '/data/ILSVRC2012/train'
Traceback (most recent call last):
  File "main.py", line 335, in <module>
    main()
  File "main.py", line 141, in main
    dataset = datasets.ImageFolder(args.data, transform=transforms.Compose(tra))
  File "/ichec/home/users/annatruzzi/anaconda3/envs/dc_p27/lib/python2.7/site-packages/torchvision/datasets/folder.py", line 209, in __init__
    target_transform=target_transform)
  File "/ichec/home/users/annatruzzi/anaconda3/envs/dc_p27/lib/python2.7/site-packages/torchvision/datasets/folder.py", line 83, in __init__
    classes, class_to_idx = self._find_classes(root)
  File "/ichec/home/users/annatruzzi/anaconda3/envs/dc_p27/lib/python2.7/site-packages/torchvision/datasets/folder.py", line 118, in _find_classes
    classes = [d for d in os.listdir(dir) if os.path.isdir(os.path.join(dir, d))]
OSError: [Errno 2] No such file or directory: '/data/ILSVRC2012/train'
Traceback (most recent call last):
  File "main.py", line 335, in <module>
    main()
  File "main.py", line 141, in main
    dataset = datasets.ImageFolder(args.data, transform=transforms.Compose(tra))
  File "/ichec/home/users/annatruzzi/anaconda3/envs/dc_p27/lib/python2.7/site-packages/torchvision/datasets/folder.py", line 209, in __init__
    target_transform=target_transform)
  File "/ichec/home/users/annatruzzi/anaconda3/envs/dc_p27/lib/python2.7/site-packages/torchvision/datasets/folder.py", line 83, in __init__
    classes, class_to_idx = self._find_classes(root)
  File "/ichec/home/users/annatruzzi/anaconda3/envs/dc_p27/lib/python2.7/site-packages/torchvision/datasets/folder.py", line 118, in _find_classes
    classes = [d for d in os.listdir(dir) if os.path.isdir(os.path.join(dir, d))]
OSError: [Errno 2] No such file or directory: '/data/ILSVRC2012/train'
Traceback (most recent call last):
  File "main.py", line 335, in <module>
    main()
  File "main.py", line 141, in main
    dataset = datasets.ImageFolder(args.data, transform=transforms.Compose(tra))
  File "/ichec/home/users/annatruzzi/anaconda3/envs/dc_p27/lib/python2.7/site-packages/torchvision/datasets/folder.py", line 209, in __init__
    target_transform=target_transform)
  File "/ichec/home/users/annatruzzi/anaconda3/envs/dc_p27/lib/python2.7/site-packages/torchvision/datasets/folder.py", line 83, in __init__
    classes, class_to_idx = self._find_classes(root)
  File "/ichec/home/users/annatruzzi/anaconda3/envs/dc_p27/lib/python2.7/site-packages/torchvision/datasets/folder.py", line 118, in _find_classes
    classes = [d for d in os.listdir(dir) if os.path.isdir(os.path.join(dir, d))]
OSError: [Errno 2] No such file or directory: '/data/ILSVRC2012/train'
Traceback (most recent call last):
  File "main.py", line 335, in <module>
    main()
  File "main.py", line 141, in main
    dataset = datasets.ImageFolder(args.data, transform=transforms.Compose(tra))
  File "/ichec/home/users/annatruzzi/anaconda3/envs/dc_p27/lib/python2.7/site-packages/torchvision/datasets/folder.py", line 209, in __init__
    target_transform=target_transform)
  File "/ichec/home/users/annatruzzi/anaconda3/envs/dc_p27/lib/python2.7/site-packages/torchvision/datasets/folder.py", line 83, in __init__
    classes, class_to_idx = self._find_classes(root)
  File "/ichec/home/users/annatruzzi/anaconda3/envs/dc_p27/lib/python2.7/site-packages/torchvision/datasets/folder.py", line 118, in _find_classes
    classes = [d for d in os.listdir(dir) if os.path.isdir(os.path.join(dir, d))]
OSError: [Errno 2] No such file or directory: '/data/ILSVRC2012/train'
Traceback (most recent call last):
  File "main.py", line 335, in <module>
    main()
  File "main.py", line 141, in main
    dataset = datasets.ImageFolder(args.data, transform=transforms.Compose(tra))
  File "/ichec/home/users/annatruzzi/anaconda3/envs/dc_p27/lib/python2.7/site-packages/torchvision/datasets/folder.py", line 209, in __init__
    target_transform=target_transform)
  File "/ichec/home/users/annatruzzi/anaconda3/envs/dc_p27/lib/python2.7/site-packages/torchvision/datasets/folder.py", line 83, in __init__
    classes, class_to_idx = self._find_classes(root)
  File "/ichec/home/users/annatruzzi/anaconda3/envs/dc_p27/lib/python2.7/site-packages/torchvision/datasets/folder.py", line 118, in _find_classes
    classes = [d for d in os.listdir(dir) if os.path.isdir(os.path.join(dir, d))]
OSError: [Errno 2] No such file or directory: '/data/ILSVRC2012/train'
Traceback (most recent call last):
  File "main.py", line 335, in <module>
    main()
  File "main.py", line 141, in main
    dataset = datasets.ImageFolder(args.data, transform=transforms.Compose(tra))
  File "/ichec/home/users/annatruzzi/anaconda3/envs/dc_p27/lib/python2.7/site-packages/torchvision/datasets/folder.py", line 209, in __init__
    target_transform=target_transform)
  File "/ichec/home/users/annatruzzi/anaconda3/envs/dc_p27/lib/python2.7/site-packages/torchvision/datasets/folder.py", line 83, in __init__
    classes, class_to_idx = self._find_classes(root)
  File "/ichec/home/users/annatruzzi/anaconda3/envs/dc_p27/lib/python2.7/site-packages/torchvision/datasets/folder.py", line 118, in _find_classes
    classes = [d for d in os.listdir(dir) if os.path.isdir(os.path.join(dir, d))]
OSError: [Errno 2] No such file or directory: '/data/ILSVRC2012/train'
Traceback (most recent call last):
  File "main.py", line 335, in <module>
    main()
  File "main.py", line 141, in main
    dataset = datasets.ImageFolder(args.data, transform=transforms.Compose(tra))
  File "/ichec/home/users/annatruzzi/anaconda3/envs/dc_p27/lib/python2.7/site-packages/torchvision/datasets/folder.py", line 209, in __init__
    target_transform=target_transform)
  File "/ichec/home/users/annatruzzi/anaconda3/envs/dc_p27/lib/python2.7/site-packages/torchvision/datasets/folder.py", line 83, in __init__
    classes, class_to_idx = self._find_classes(root)
  File "/ichec/home/users/annatruzzi/anaconda3/envs/dc_p27/lib/python2.7/site-packages/torchvision/datasets/folder.py", line 118, in _find_classes
    classes = [d for d in os.listdir(dir) if os.path.isdir(os.path.join(dir, d))]
OSError: [Errno 2] No such file or directory: '/data/ILSVRC2012/train'
Traceback (most recent call last):
  File "main.py", line 335, in <module>
    main()
  File "main.py", line 141, in main
    dataset = datasets.ImageFolder(args.data, transform=transforms.Compose(tra))
  File "/ichec/home/users/annatruzzi/anaconda3/envs/dc_p27/lib/python2.7/site-packages/torchvision/datasets/folder.py", line 209, in __init__
    target_transform=target_transform)
  File "/ichec/home/users/annatruzzi/anaconda3/envs/dc_p27/lib/python2.7/site-packages/torchvision/datasets/folder.py", line 83, in __init__
    classes, class_to_idx = self._find_classes(root)
  File "/ichec/home/users/annatruzzi/anaconda3/envs/dc_p27/lib/python2.7/site-packages/torchvision/datasets/folder.py", line 118, in _find_classes
    classes = [d for d in os.listdir(dir) if os.path.isdir(os.path.join(dir, d))]
OSError: [Errno 2] No such file or directory: '/data/ILSVRC2012/train'
Traceback (most recent call last):
  File "main.py", line 335, in <module>
    main()
  File "main.py", line 141, in main
    dataset = datasets.ImageFolder(args.data, transform=transforms.Compose(tra))
  File "/ichec/home/users/annatruzzi/anaconda3/envs/dc_p27/lib/python2.7/site-packages/torchvision/datasets/folder.py", line 209, in __init__
    target_transform=target_transform)
  File "/ichec/home/users/annatruzzi/anaconda3/envs/dc_p27/lib/python2.7/site-packages/torchvision/datasets/folder.py", line 83, in __init__
    classes, class_to_idx = self._find_classes(root)
  File "/ichec/home/users/annatruzzi/anaconda3/envs/dc_p27/lib/python2.7/site-packages/torchvision/datasets/folder.py", line 118, in _find_classes
    classes = [d for d in os.listdir(dir) if os.path.isdir(os.path.join(dir, d))]
OSError: [Errno 2] No such file or directory: '/data/ILSVRC2012/train'
Traceback (most recent call last):
  File "main.py", line 335, in <module>
    main()
  File "main.py", line 141, in main
    dataset = datasets.ImageFolder(args.data, transform=transforms.Compose(tra))
  File "/ichec/home/users/annatruzzi/anaconda3/envs/dc_p27/lib/python2.7/site-packages/torchvision/datasets/folder.py", line 209, in __init__
    target_transform=target_transform)
  File "/ichec/home/users/annatruzzi/anaconda3/envs/dc_p27/lib/python2.7/site-packages/torchvision/datasets/folder.py", line 83, in __init__
    classes, class_to_idx = self._find_classes(root)
  File "/ichec/home/users/annatruzzi/anaconda3/envs/dc_p27/lib/python2.7/site-packages/torchvision/datasets/folder.py", line 118, in _find_classes
    classes = [d for d in os.listdir(dir) if os.path.isdir(os.path.join(dir, d))]
OSError: [Errno 2] No such file or directory: '/data/ILSVRC2012/train'
Traceback (most recent call last):
  File "main.py", line 335, in <module>
    main()
  File "main.py", line 141, in main
    dataset = datasets.ImageFolder(args.data, transform=transforms.Compose(tra))
  File "/ichec/home/users/annatruzzi/anaconda3/envs/dc_p27/lib/python2.7/site-packages/torchvision/datasets/folder.py", line 209, in __init__
    target_transform=target_transform)
  File "/ichec/home/users/annatruzzi/anaconda3/envs/dc_p27/lib/python2.7/site-packages/torchvision/datasets/folder.py", line 83, in __init__
    classes, class_to_idx = self._find_classes(root)
  File "/ichec/home/users/annatruzzi/anaconda3/envs/dc_p27/lib/python2.7/site-packages/torchvision/datasets/folder.py", line 118, in _find_classes
    classes = [d for d in os.listdir(dir) if os.path.isdir(os.path.join(dir, d))]
OSError: [Errno 2] No such file or directory: '/data/ILSVRC2012/train'
Traceback (most recent call last):
  File "main.py", line 335, in <module>
    main()
  File "main.py", line 141, in main
    dataset = datasets.ImageFolder(args.data, transform=transforms.Compose(tra))
  File "/ichec/home/users/annatruzzi/anaconda3/envs/dc_p27/lib/python2.7/site-packages/torchvision/datasets/folder.py", line 209, in __init__
    target_transform=target_transform)
  File "/ichec/home/users/annatruzzi/anaconda3/envs/dc_p27/lib/python2.7/site-packages/torchvision/datasets/folder.py", line 83, in __init__
    classes, class_to_idx = self._find_classes(root)
  File "/ichec/home/users/annatruzzi/anaconda3/envs/dc_p27/lib/python2.7/site-packages/torchvision/datasets/folder.py", line 118, in _find_classes
    classes = [d for d in os.listdir(dir) if os.path.isdir(os.path.join(dir, d))]
OSError: [Errno 2] No such file or directory: '/data/ILSVRC2012/train'
