Architecture: alexnet
Load dataset: 1021.66 s
Compute features
0 / 5005	Time: 26.659 (26.659)
200 / 5005	Time: 0.042 (2.089)
400 / 5005	Time: 0.042 (2.210)
600 / 5005	Time: 0.042 (2.313)
800 / 5005	Time: 0.042 (2.315)
1000 / 5005	Time: 0.042 (2.238)
1200 / 5005	Time: 0.042 (2.266)
1400 / 5005	Time: 0.043 (2.451)
1600 / 5005	Time: 0.042 (2.660)
1800 / 5005	Time: 0.043 (2.676)
2000 / 5005	Time: 0.042 (2.644)
2200 / 5005	Time: 0.042 (2.588)
2400 / 5005	Time: 0.043 (2.537)
2600 / 5005	Time: 0.043 (2.497)
2800 / 5005	Time: 0.042 (2.472)
3000 / 5005	Time: 0.043 (2.440)
3200 / 5005	Time: 0.043 (2.419)
3400 / 5005	Time: 0.042 (2.415)
3600 / 5005	Time: 0.043 (2.393)
3800 / 5005	Time: 0.042 (2.383)
4000 / 5005	Time: 0.042 (2.357)
4200 / 5005	Time: 0.043 (2.338)
4400 / 5005	Time: 0.044 (2.339)
4600 / 5005	Time: 0.042 (2.320)
4800 / 5005	Time: 6.023 (2.309)
5000 / 5005	Time: 0.042 (2.303)
k-means loss evolution: [1820261.2 1125204.2 1109556.9 1102902.5 1099294.9 1097106.4 1095600.8
 1094538.4 1093756.1 1093161.  1092674.  1092316.  1092023.1 1091791.
 1091582.1 1091398.6 1091248.4 1091122.2 1091022.  1090931.2]
k-means time: 45 s
Epoch: [0][0/5005]	Time: 24.568 (24.568)	Data: 15.756 (15.756)	Loss: 9.3294 (9.3294)
Epoch: [0][200/5005]	Time: 9.978 (2.701)	Data: 9.952 (2.600)	Loss: 9.1640 (9.1757)
Epoch: [0][400/5005]	Time: 8.862 (2.777)	Data: 8.836 (2.693)	Loss: 8.9536 (9.1047)
Epoch: [0][600/5005]	Time: 13.769 (2.763)	Data: 13.742 (2.683)	Loss: 8.8326 (9.0389)
Epoch: [0][800/5005]	Time: 8.852 (2.749)	Data: 8.818 (2.671)	Loss: 8.8216 (8.9834)
Epoch: [0][1000/5005]	Time: 8.340 (2.639)	Data: 8.316 (2.562)	Loss: 8.7411 (8.9319)
Epoch: [0][1200/5005]	Time: 8.543 (2.547)	Data: 8.517 (2.471)	Loss: 8.5451 (8.8852)
Epoch: [0][1400/5005]	Time: 8.208 (2.487)	Data: 8.182 (2.411)	Loss: 8.6341 (8.8423)
Epoch: [0][1600/5005]	Time: 8.344 (2.456)	Data: 8.319 (2.381)	Loss: 8.5796 (8.8019)
Epoch: [0][1800/5005]	Time: 8.883 (2.428)	Data: 8.858 (2.353)	Loss: 8.4628 (8.7638)
Epoch: [0][2000/5005]	Time: 8.665 (2.440)	Data: 8.639 (2.366)	Loss: 8.2632 (8.7265)
Epoch: [0][2200/5005]	Time: 7.040 (2.418)	Data: 7.015 (2.344)	Loss: 8.2388 (8.6916)
Epoch: [0][2400/5005]	Time: 1.505 (2.425)	Data: 1.481 (2.352)	Loss: 8.3983 (8.6578)
Epoch: [0][2600/5005]	Time: 7.125 (2.418)	Data: 7.100 (2.347)	Loss: 8.3390 (8.6257)
Epoch: [0][2800/5005]	Time: 3.051 (2.420)	Data: 3.026 (2.350)	Loss: 8.0967 (8.5944)
Epoch: [0][3000/5005]	Time: 7.933 (2.441)	Data: 7.908 (2.372)	Loss: 8.3093 (8.5644)
Epoch: [0][3200/5005]	Time: 0.085 (2.503)	Data: 0.000 (2.430)	Loss: 8.1304 (8.5362)
Epoch: [0][3400/5005]	Time: 0.084 (2.522)	Data: 0.000 (2.450)	Loss: 7.9947 (8.5094)
Epoch: [0][3600/5005]	Time: 0.084 (2.586)	Data: 0.000 (2.514)	Loss: 8.0208 (8.4844)
Epoch: [0][3800/5005]	Time: 0.085 (2.603)	Data: 0.000 (2.532)	Loss: 7.6770 (8.4593)
Epoch: [0][4000/5005]	Time: 0.085 (2.603)	Data: 0.000 (2.532)	Loss: 8.1302 (8.4352)
Epoch: [0][4200/5005]	Time: 0.085 (2.603)	Data: 0.000 (2.532)	Loss: 7.9007 (8.4132)
Epoch: [0][4400/5005]	Time: 0.085 (2.622)	Data: 0.000 (2.551)	Loss: 7.8513 (8.3913)
Epoch: [0][4600/5005]	Time: 0.088 (2.611)	Data: 0.000 (2.540)	Loss: 7.6947 (8.3702)
Epoch: [0][4800/5005]	Time: 0.086 (2.613)	Data: 0.000 (2.543)	Loss: 7.7624 (8.3499)
Epoch: [0][5000/5005]	Time: 0.087 (2.605)	Data: 0.000 (2.535)	Loss: 7.8974 (8.3305)
###### Epoch [0] ###### 
Time: 13039.402 s
Clustering loss: 1090931.250 
ConvNet loss: 8.330
####################### 

2021-01-07 19:01:15.926626
2021-01-08 02:08:42.944966
